2023-06-09 11:21:03,841 [INFO] Activator:176 - 


2023-06-09 11:21:03,856 [INFO] Activator:177 - !SESSION log4j initialized
2023-06-09 11:21:07,604 [INFO] LogOutputStream:77 - [STDOUT_REDIRECT] 
2023-06-09 11:21:29,583 [ERROR] LogOutputStream:75 - [STDERR_REDIRECT] SLF4J: Failed to load class "org.slf4j.impl.StaticLoggerBinder".
2023-06-09 11:21:29,585 [ERROR] LogOutputStream:75 - [STDERR_REDIRECT] SLF4J: Defaulting to no-operation (NOP) logger implementation
2023-06-09 11:21:29,585 [ERROR] LogOutputStream:75 - [STDERR_REDIRECT] SLF4J: See http://www.slf4j.org/codes.html#StaticLoggerBinder for further details.
2023-06-09 12:10:50,921 [INFO] ApplicationProperties:184 - Using Application install path: C:\ST\STM32CubeIDE_1.12.1\STM32CubeIDE\plugins\com.st.stm32cube.common.mx_6.8.1.202304191431
2023-06-09 12:10:50,946 [INFO] DbMcusXml:78 - Set database path to: C:\ST\STM32CubeIDE_1.12.1\STM32CubeIDE\plugins\com.st.stm32cube.common.mx_6.8.1.202304191431\\db\/mcu/
2023-06-09 12:10:50,946 [INFO] ApiDb:274 - Set plugin database path to: C:\ST\STM32CubeIDE_1.12.1\STM32CubeIDE\plugins\com.st.stm32cube.common.mx_6.8.1.202304191431\\db\/plugins/boardmanager/
2023-06-09 12:10:50,948 [WARN] ApiDb:259 - Overriding images path with different value:  => C:\ST\STM32CubeIDE_1.12.1\STM32CubeIDE\plugins\com.st.stm32cube.common.mx_6.8.1.202304191431\\db\/plugins/mcufinder/images/
2023-06-09 12:10:52,522 [WARN] ApiFinderProperties:113 - C:\Users\HP\.stmcufinder\plugins\mcufinder\mcu\mcuFinder.mfd doesn't exist
2023-06-09 12:10:52,523 [INFO] ApiDb:250 - Set database path to: C:\Users\HP\.stmcufinder\plugins\mcufinder//mcu/
2023-06-09 12:10:52,526 [INFO] DbMcusAds:125 - Set database path to: C:\Users\HP\.stmcufinder\plugins\mcufinder//mcu/
2023-06-09 12:10:52,541 [INFO] CrossReferenceDbSqlite:203 - Set database path to: C:\Users\HP\.stmcufinder\plugins\mcufinder//mcu/cs/
2023-06-09 12:10:52,653 [INFO] RulesReader:64 - Compatibility file has been processed (293 Rules)
2023-06-09 12:10:52,774 [INFO] DbMcusXml:78 - Set database path to: C:\ST\STM32CubeIDE_1.12.1\STM32CubeIDE\plugins\com.st.stm32cube.common.mx_6.8.1.202304191431\\db\/mcu/
2023-06-09 12:10:52,774 [INFO] ApiDb:274 - Set plugin database path to: C:\ST\STM32CubeIDE_1.12.1\STM32CubeIDE\plugins\com.st.stm32cube.common.mx_6.8.1.202304191431\\db\/plugins/boardmanager/
2023-06-09 12:10:52,774 [INFO] ApiDb:261 - Set plugin images path to: C:\ST\STM32CubeIDE_1.12.1\STM32CubeIDE\plugins\com.st.stm32cube.common.mx_6.8.1.202304191431\\db\/plugins/mcufinder/images/
2023-06-09 12:10:52,775 [WARN] DbFile:41 - Overriding database path with different value: C:\Users\HP\.stmcufinder\plugins\mcufinder/ => C:\Users\HP\.stmcufinder\plugins\mcufinder
2023-06-09 12:10:52,775 [INFO] ApiDb:250 - Set database path to: C:\Users\HP\.stmcufinder\plugins\mcufinder//mcu/
2023-06-09 12:10:52,775 [WARN] DbFile:41 - Overriding database path with different value: C:\Users\HP\.stmcufinder\plugins\mcufinder/ => C:\Users\HP\.stmcufinder\plugins\mcufinder
2023-06-09 12:10:52,775 [INFO] DbMcusAds:125 - Set database path to: C:\Users\HP\.stmcufinder\plugins\mcufinder//mcu/
2023-06-09 12:10:52,775 [WARN] DbFile:41 - Overriding database path with different value: C:\Users\HP\.stmcufinder\plugins\mcufinder/ => C:\Users\HP\.stmcufinder\plugins\mcufinder
2023-06-09 12:10:52,775 [WARN] DbFile:41 - Overriding database path with different value: C:\Users\HP\.stmcufinder\plugins\mcufinder/ => C:\Users\HP\.stmcufinder\plugins\mcufinder
2023-06-09 12:10:52,775 [INFO] CrossReferenceDbSqlite:203 - Set database path to: C:\Users\HP\.stmcufinder\plugins\mcufinder//mcu/cs/
2023-06-09 12:10:52,885 [INFO] MainPanel:253 - HeapMemory: 376438784
2023-06-09 12:10:53,035 [INFO] DbMcusXml:78 - Set database path to: C:\ST\STM32CubeIDE_1.12.1\STM32CubeIDE\plugins\com.st.stm32cube.common.mx_6.8.1.202304191431\\db\/mcu/
2023-06-09 12:10:53,035 [INFO] ApiDb:274 - Set plugin database path to: C:\ST\STM32CubeIDE_1.12.1\STM32CubeIDE\plugins\com.st.stm32cube.common.mx_6.8.1.202304191431\\db\/plugins/boardmanager/
2023-06-09 12:10:53,035 [INFO] ApiDb:261 - Set plugin images path to: C:\ST\STM32CubeIDE_1.12.1\STM32CubeIDE\plugins\com.st.stm32cube.common.mx_6.8.1.202304191431\\db\/plugins/mcufinder/images/
2023-06-09 12:10:53,037 [WARN] DbFile:41 - Overriding database path with different value: C:\Users\HP\.stmcufinder\plugins\mcufinder/ => C:\Users\HP\.stmcufinder\plugins\mcufinder
2023-06-09 12:10:53,037 [INFO] ApiDb:250 - Set database path to: C:\Users\HP\.stmcufinder\plugins\mcufinder//mcu/
2023-06-09 12:10:53,037 [WARN] DbFile:41 - Overriding database path with different value: C:\Users\HP\.stmcufinder\plugins\mcufinder/ => C:\Users\HP\.stmcufinder\plugins\mcufinder
2023-06-09 12:10:53,038 [INFO] DbMcusAds:125 - Set database path to: C:\Users\HP\.stmcufinder\plugins\mcufinder//mcu/
2023-06-09 12:10:53,038 [WARN] DbFile:41 - Overriding database path with different value: C:\Users\HP\.stmcufinder\plugins\mcufinder/ => C:\Users\HP\.stmcufinder\plugins\mcufinder
2023-06-09 12:10:53,038 [WARN] DbFile:41 - Overriding database path with different value: C:\Users\HP\.stmcufinder\plugins\mcufinder/ => C:\Users\HP\.stmcufinder\plugins\mcufinder
2023-06-09 12:10:53,038 [INFO] CrossReferenceDbSqlite:203 - Set database path to: C:\Users\HP\.stmcufinder\plugins\mcufinder//mcu/cs/
2023-06-09 12:10:53,063 [INFO] ApplicationProperties:184 - Using Application install path: C:\ST\STM32CubeIDE_1.12.1\STM32CubeIDE\plugins\com.st.stm32cube.common.mx_6.8.1.202304191431
2023-06-09 12:10:53,065 [INFO] PluginManage:196 - Search for loadable plugins [exclusion list=, ]
2023-06-09 12:10:53,067 [INFO] PluginManage:310 - Check plugin analytics
2023-06-09 12:10:53,260 [INFO] AnalyticsPlugin:253 - Accepted Software Licenses: 
2023-06-09 12:10:53,260 [INFO] AnalyticsPlugin:255 - Accepted CMSIS Pack Licenses: 
2023-06-09 12:10:53,261 [INFO] AnalyticsPlugin:257 - Accepted Firmware Licenses: 
2023-06-09 12:10:53,269 [INFO] PluginManage:359 - Loaded plugin analytics (category:tool,tabindex:-1)
2023-06-09 12:10:53,269 [INFO] PluginManage:310 - Check plugin cadmodel
2023-06-09 12:10:53,284 [INFO] CADModel:105 - Init CAD model plugin
2023-06-09 12:10:53,286 [INFO] PluginManage:359 - Loaded plugin cadmodel (category:power,tabindex:5)
2023-06-09 12:10:53,286 [INFO] PluginManage:310 - Check plugin clock
2023-06-09 12:10:53,310 [INFO] PluginManage:359 - Loaded plugin clock (category:base,tabindex:2)
2023-06-09 12:10:53,311 [INFO] PluginManage:310 - Check plugin ddr
2023-06-09 12:10:53,315 [INFO] PluginManage:359 - Loaded plugin ddr (category:tool,tabindex:6)
2023-06-09 12:10:53,315 [INFO] PluginManage:310 - Check plugin filemanager
2023-06-09 12:10:53,475 [INFO] PluginManage:359 - Loaded plugin filemanager (category:base,tabindex:10)
2023-06-09 12:10:53,475 [INFO] PluginManage:310 - Check plugin ipmanager
2023-06-09 12:10:53,488 [INFO] PluginManage:359 - Loaded plugin ipmanager (category:base,tabindex:5)
2023-06-09 12:10:53,489 [INFO] PluginManage:310 - Check plugin lpbam
2023-06-09 12:10:53,507 [INFO] PluginManage:359 - Loaded plugin lpbam (category:base,tabindex:0)
2023-06-09 12:10:53,507 [INFO] PluginManage:310 - Check plugin pinoutandconfiguration
2023-06-09 12:10:53,529 [INFO] PluginManage:359 - Loaded plugin pinoutandconfiguration (category:base,tabindex:1)
2023-06-09 12:10:53,529 [INFO] PluginManage:310 - Check plugin pinoutconfig
2023-06-09 12:10:53,658 [WARN] SupportedApi:132 - Cannot load RTOS API schema: s4s-elt-must-match.1: The content of 'definitions' must match (annotation?, (simpleType | complexType)?, (unique | key | keyref)*)). A problem was found starting at: attribute.
2023-06-09 12:10:53,841 [INFO] PluginManage:359 - Loaded plugin pinoutconfig (category:base,tabindex:0)
2023-06-09 12:10:53,841 [INFO] PluginManage:310 - Check plugin power
2023-06-09 12:10:53,866 [INFO] PluginManage:359 - Loaded plugin power (category:power,tabindex:4)
2023-06-09 12:10:53,866 [INFO] PluginManage:310 - Check plugin projectmanager
2023-06-09 12:10:53,888 [INFO] PluginManage:359 - Loaded plugin projectmanager (category:projectmanager,tabindex:3)
2023-06-09 12:10:53,888 [INFO] PluginManage:310 - Check plugin thirdparty
2023-06-09 12:10:54,169 [INFO] PluginManage:359 - Loaded plugin thirdparty (category:base,tabindex:-1)
2023-06-09 12:10:54,169 [INFO] PluginManage:310 - Check plugin tools
2023-06-09 12:10:54,169 [WARN] IntegrityCheckThread:84 - waiting for thirdparty lock release [integrity check]
2023-06-09 12:10:54,170 [INFO] IntegrityCheckThread:86 - entering critical section [integrity check]
2023-06-09 12:10:54,171 [INFO] ThirdPartyUpdaterWithRetryManager:70 - Updater plugin not ready yet. [1/15]
2023-06-09 12:10:54,195 [INFO] PluginManage:359 - Loaded plugin tools (category:base,tabindex:7)
2023-06-09 12:10:54,195 [INFO] PluginManage:310 - Check plugin tutovideos
2023-06-09 12:10:54,465 [INFO] PluginManage:359 - Loaded plugin tutovideos (category:base,tabindex:-1)
2023-06-09 12:10:54,465 [INFO] PluginManage:310 - Check plugin updater
2023-06-09 12:10:54,487 [INFO] PluginManage:359 - Loaded plugin updater (category:base,tabindex:12)
2023-06-09 12:10:54,488 [INFO] PluginManage:283 - PluginManage : Loaded plugins [15]
2023-06-09 12:10:54,839 [INFO] PinOutPanel:1499 - setPackage(No Configuration,No Configuration)
2023-06-09 12:10:54,934 [INFO] CADModel:165 - CPN selected for project level
2023-06-09 12:10:54,934 [INFO] CADModel:114 - Register for checkConnection events
2023-06-09 12:10:54,963 [INFO] IPUIPlugin:80 - create IPUIPlugin
2023-06-09 12:10:54,963 [INFO] PluginManager:220 - loadIPPluginJar : add adc
2023-06-09 12:10:54,993 [INFO] IPUIPlugin:80 - create IPUIPlugin
2023-06-09 12:10:54,993 [INFO] PluginManager:220 - loadIPPluginJar : add aes
2023-06-09 12:10:55,026 [INFO] IPUIPlugin:80 - create IPUIPlugin
2023-06-09 12:10:55,026 [INFO] PluginManager:220 - loadIPPluginJar : add can
2023-06-09 12:10:55,045 [INFO] IPUIPlugin:80 - create IPUIPlugin
2023-06-09 12:10:55,045 [INFO] PluginManager:220 - loadIPPluginJar : add comp
2023-06-09 12:10:55,073 [INFO] IPUIPlugin:80 - create IPUIPlugin
2023-06-09 12:10:55,073 [INFO] PluginManager:220 - loadIPPluginJar : add cryp
2023-06-09 12:10:55,098 [INFO] IPUIPlugin:80 - create IPUIPlugin
2023-06-09 12:10:55,098 [INFO] PluginManager:220 - loadIPPluginJar : add dfsdm
2023-06-09 12:10:55,115 [INFO] IPUIPlugin:80 - create IPUIPlugin
2023-06-09 12:10:55,115 [INFO] PluginManager:220 - loadIPPluginJar : add dma
2023-06-09 12:10:55,154 [INFO] IPUIPlugin:80 - create IPUIPlugin
2023-06-09 12:10:55,154 [INFO] PluginManager:220 - loadIPPluginJar : add dma3
2023-06-09 12:10:55,170 [INFO] IPUIPlugin:80 - create IPUIPlugin
2023-06-09 12:10:55,171 [INFO] PluginManager:220 - loadIPPluginJar : add fatfs
2023-06-09 12:10:55,209 [INFO] IPUIPlugin:80 - create IPUIPlugin
2023-06-09 12:10:55,209 [INFO] PluginManager:220 - loadIPPluginJar : add fmc
2023-06-09 12:10:55,225 [INFO] IPUIPlugin:80 - create IPUIPlugin
2023-06-09 12:10:55,226 [INFO] PluginManager:220 - loadIPPluginJar : add freertos
2023-06-09 12:10:55,243 [INFO] IPUIPlugin:80 - create IPUIPlugin
2023-06-09 12:10:55,243 [INFO] PluginManager:220 - loadIPPluginJar : add genericplugin
2023-06-09 12:10:55,322 [INFO] IPUIPlugin:80 - create IPUIPlugin
2023-06-09 12:10:55,322 [INFO] PluginManager:220 - loadIPPluginJar : add gfxmmu
2023-06-09 12:10:55,430 [INFO] IPUIPlugin:80 - create IPUIPlugin
2023-06-09 12:10:55,430 [INFO] PluginManager:220 - loadIPPluginJar : add gic
2023-06-09 12:10:55,443 [INFO] IPUIPlugin:80 - create IPUIPlugin
2023-06-09 12:10:55,443 [INFO] PluginManager:220 - loadIPPluginJar : add gpio
2023-06-09 12:10:55,521 [INFO] IPUIPlugin:80 - create IPUIPlugin
2023-06-09 12:10:55,521 [INFO] PluginManager:220 - loadIPPluginJar : add gtzc
2023-06-09 12:10:55,548 [INFO] IPUIPlugin:80 - create IPUIPlugin
2023-06-09 12:10:55,548 [INFO] PluginManager:220 - loadIPPluginJar : add hash
2023-06-09 12:10:55,592 [INFO] IPUIPlugin:80 - create IPUIPlugin
2023-06-09 12:10:55,592 [INFO] PluginManager:220 - loadIPPluginJar : add i2c
2023-06-09 12:10:55,623 [INFO] IPUIPlugin:80 - create IPUIPlugin
2023-06-09 12:10:55,623 [INFO] PluginManager:220 - loadIPPluginJar : add i2s
2023-06-09 12:10:55,655 [INFO] IPUIPlugin:80 - create IPUIPlugin
2023-06-09 12:10:55,655 [INFO] PluginManager:220 - loadIPPluginJar : add i3c
2023-06-09 12:10:55,740 [INFO] IPUIPlugin:80 - create IPUIPlugin
2023-06-09 12:10:55,741 [INFO] PluginManager:220 - loadIPPluginJar : add ipddr
2023-06-09 12:10:55,813 [INFO] IPUIPlugin:80 - create IPUIPlugin
2023-06-09 12:10:55,814 [INFO] PluginManager:220 - loadIPPluginJar : add linkedlist
2023-06-09 12:10:55,843 [INFO] IPUIPlugin:80 - create IPUIPlugin
2023-06-09 12:10:55,843 [INFO] PluginManager:220 - loadIPPluginJar : add lorawan
2023-06-09 12:10:55,873 [INFO] IPUIPlugin:80 - create IPUIPlugin
2023-06-09 12:10:55,873 [INFO] PluginManager:220 - loadIPPluginJar : add ltdc
2023-06-09 12:10:55,888 [INFO] IPUIPlugin:80 - create IPUIPlugin
2023-06-09 12:10:55,888 [INFO] PluginManager:220 - loadIPPluginJar : add mdma
2023-06-09 12:10:55,901 [INFO] IPUIPlugin:80 - create IPUIPlugin
2023-06-09 12:10:55,903 [INFO] PluginManager:220 - loadIPPluginJar : add nvic
2023-06-09 12:10:55,931 [INFO] IPUIPlugin:80 - create IPUIPlugin
2023-06-09 12:10:55,932 [INFO] PluginManager:220 - loadIPPluginJar : add opamp
2023-06-09 12:10:55,979 [INFO] IPUIPlugin:80 - create IPUIPlugin
2023-06-09 12:10:55,979 [INFO] PluginManager:220 - loadIPPluginJar : add openamp
2023-06-09 12:10:56,015 [INFO] IPUIPlugin:80 - create IPUIPlugin
2023-06-09 12:10:56,016 [INFO] PluginManager:220 - loadIPPluginJar : add pdm2pcm
2023-06-09 12:10:56,029 [INFO] IPUIPlugin:80 - create IPUIPlugin
2023-06-09 12:10:56,032 [INFO] PluginManager:220 - loadIPPluginJar : add plateformsettings
2023-06-09 12:10:56,052 [INFO] IPUIPlugin:80 - create IPUIPlugin
2023-06-09 12:10:56,052 [INFO] PluginManager:220 - loadIPPluginJar : add quadspi
2023-06-09 12:10:56,065 [INFO] IPUIPlugin:80 - create IPUIPlugin
2023-06-09 12:10:56,065 [INFO] PluginManager:220 - loadIPPluginJar : add resmgrutility
2023-06-09 12:10:56,105 [INFO] IPUIPlugin:80 - create IPUIPlugin
2023-06-09 12:10:56,105 [INFO] PluginManager:220 - loadIPPluginJar : add sai
2023-06-09 12:10:56,134 [INFO] IPUIPlugin:80 - create IPUIPlugin
2023-06-09 12:10:56,134 [INFO] PluginManager:220 - loadIPPluginJar : add spi
2023-06-09 12:10:56,181 [INFO] IPUIPlugin:80 - create IPUIPlugin
2023-06-09 12:10:56,181 [INFO] PluginManager:220 - loadIPPluginJar : add stm32_wpan
2023-06-09 12:10:56,208 [INFO] IPUIPlugin:80 - create IPUIPlugin
2023-06-09 12:10:56,208 [INFO] PluginManager:220 - loadIPPluginJar : add tim
2023-06-09 12:10:56,254 [INFO] IPUIPlugin:80 - create IPUIPlugin
2023-06-09 12:10:56,256 [INFO] PluginManager:220 - loadIPPluginJar : add touchsensing
2023-06-09 12:10:56,276 [INFO] IPUIPlugin:80 - create IPUIPlugin
2023-06-09 12:10:56,276 [INFO] PluginManager:220 - loadIPPluginJar : add tracer_emb
2023-06-09 12:10:56,298 [INFO] IPUIPlugin:80 - create IPUIPlugin
2023-06-09 12:10:56,298 [INFO] PluginManager:220 - loadIPPluginJar : add ts
2023-06-09 12:10:56,318 [INFO] IPUIPlugin:80 - create IPUIPlugin
2023-06-09 12:10:56,318 [INFO] PluginManager:220 - loadIPPluginJar : add tsc
2023-06-09 12:10:56,346 [INFO] IPUIPlugin:80 - create IPUIPlugin
2023-06-09 12:10:56,346 [INFO] PluginManager:220 - loadIPPluginJar : add ucpd
2023-06-09 12:10:56,404 [INFO] IPUIPlugin:80 - create IPUIPlugin
2023-06-09 12:10:56,405 [INFO] PluginManager:220 - loadIPPluginJar : add usart
2023-06-09 12:10:56,447 [INFO] IPUIPlugin:80 - create IPUIPlugin
2023-06-09 12:10:56,447 [INFO] PluginManager:220 - loadIPPluginJar : add usbx
2023-06-09 12:10:56,596 [INFO] CADModel:165 - CPN selected for project level
2023-06-09 12:10:56,596 [INFO] CADModel:114 - Register for checkConnection events
2023-06-09 12:10:56,596 [FATAL] Updater:308 - Updater called before beeing initialized
2023-06-09 12:10:56,596 [ERROR] CADModel:125 - Updater not yet initialized, retry later 
2023-06-09 12:10:56,805 [INFO] CADModel:165 - CPN selected for project level
2023-06-09 12:10:56,805 [INFO] CADModel:114 - Register for checkConnection events
2023-06-09 12:10:56,805 [FATAL] Updater:308 - Updater called before beeing initialized
2023-06-09 12:10:56,805 [ERROR] CADModel:125 - Updater not yet initialized, retry later 
2023-06-09 12:10:56,805 [FATAL] Updater:308 - Updater called before beeing initialized
2023-06-09 12:10:56,974 [FATAL] Updater:308 - Updater called before beeing initialized
2023-06-09 12:10:56,981 [INFO] DbMcusAds:53 - JSON generation date=Thu Sep 30 07:55:09 BST 2021 (1632984909247)
2023-06-09 12:10:56,981 [FATAL] Updater:308 - Updater called before beeing initialized
2023-06-09 12:10:57,061 [WARN] DetailPanel:346 - Failed to get advertising image, set to default
2023-06-09 12:10:57,162 [FATAL] Updater:308 - Updater called before beeing initialized
2023-06-09 12:10:57,169 [FATAL] Updater:308 - Updater called before beeing initialized
2023-06-09 12:10:57,169 [FATAL] Updater:308 - Updater called before beeing initialized
2023-06-09 12:10:57,169 [WARN] DetailPanel:346 - Failed to get advertising image, set to default
2023-06-09 12:10:57,169 [FATAL] Updater:308 - Updater called before beeing initialized
2023-06-09 12:10:57,177 [INFO] ThirdPartyUpdaterWithRetryManager:70 - Updater plugin not ready yet. [2/15]
2023-06-09 12:10:57,231 [ERROR] Updater:1120 - MainUpdater not yet initialized. External WinMGr cannot be set.
2023-06-09 12:10:57,241 [INFO] Updater:1056 - Updater Version found : 6.8.1
2023-06-09 12:10:57,271 [INFO] ApplicationProperties:184 - Using Application install path: C:\ST\STM32CubeIDE_1.12.1\STM32CubeIDE\plugins\com.st.stm32cube.common.mx_6.8.1.202304191431
2023-06-09 12:10:57,312 [INFO] MainUpdater:519 - Copy updater definitions from MX database
2023-06-09 12:10:57,343 [INFO] MainUpdater:552 - Copy flag file definitions from MX database
2023-06-09 12:10:57,345 [INFO] MainUpdater:568 - Copy thirdparty index definitions from MX database
2023-06-09 12:10:57,350 [INFO] MainUpdater:587 - Copy default thirdparty db definitions from MX database
2023-06-09 12:10:57,450 [INFO] MainUpdater:2854 - connection check result : 10
2023-06-09 12:10:57,450 [INFO] MainUpdater:3548 - Updater definition file requires update
2023-06-09 12:10:57,455 [INFO] MainUpdater:283 - Updater Check For Update Now.
2023-06-09 12:10:57,455 [INFO] MicroXplorer:498 - Change Database Version : DB.6.0.81
2023-06-09 12:10:57,550 [INFO] ServerAccessManage:473 - Download File updaters.zip
2023-06-09 12:10:57,611 [INFO] FileExtend:240 - Unzip File : updaters.zip
2023-06-09 12:10:57,611 [INFO] FileExtend:255 - Standard Zip Deflate
2023-06-09 12:10:58,118 [INFO] ServerAccessManage:473 - Download File PacksControlFlags.xml
2023-06-09 12:10:58,239 [INFO] ServerAccessManage:473 - Download File cubemx.pidx
2023-06-09 12:10:58,383 [INFO] ServerAccessManage:473 - Download File STMicroelectronics.FP-ATR-ASTRA1.pdsc
2023-06-09 12:10:58,764 [INFO] ServerAccessManage:473 - Download File STMicroelectronics.FP-ATR-SIGFOX1.pdsc
2023-06-09 12:10:59,002 [INFO] ServerAccessManage:473 - Download File STMicroelectronics.FP-SNS-FLIGHT1.pdsc
2023-06-09 12:10:59,274 [INFO] ServerAccessManage:473 - Download File STMicroelectronics.FP-SNS-MOTENV1.pdsc
2023-06-09 12:10:59,563 [INFO] ServerAccessManage:473 - Download File STMicroelectronics.X-CUBE-AI.pdsc
2023-06-09 12:11:00,192 [WARN] MainUpdater:1187 - Updater busy. Cannot search thirdparties
2023-06-09 12:11:00,192 [INFO] ThirdPartyUpdaterWithRetryManager:96 - Updater plugin is busy. [1/15]
2023-06-09 12:11:01,001 [INFO] ServerAccessManage:473 - Download File STMicroelectronics.X-CUBE-ALS.pdsc
2023-06-09 12:11:01,227 [INFO] ServerAccessManage:473 - Download File STMicroelectronics.X-CUBE-BLE1.pdsc
2023-06-09 12:11:02,018 [ERROR] ServerAccessManage:1089 - Problem, file not found on Server
2023-06-09 12:11:02,053 [INFO] ServerAccessManage:473 - Download File STMicroelectronics.X-CUBE-BLE2.pdsc
2023-06-09 12:11:02,472 [INFO] ServerAccessManage:473 - Download File STMicroelectronics.X-CUBE-BLEMGR.pdsc
2023-06-09 12:11:02,914 [INFO] ServerAccessManage:473 - Download File STMicroelectronics.X-CUBE-DISPLAY.pdsc
2023-06-09 12:11:03,202 [WARN] MainUpdater:1187 - Updater busy. Cannot search thirdparties
2023-06-09 12:11:03,202 [INFO] ThirdPartyUpdaterWithRetryManager:96 - Updater plugin is busy. [2/15]
2023-06-09 12:11:03,544 [INFO] ServerAccessManage:473 - Download File STMicroelectronics.X-CUBE-EEPRMA1.pdsc
2023-06-09 12:11:03,742 [ERROR] ServerAccessManage:1089 - Problem, file not found on Server
2023-06-09 12:11:04,086 [INFO] ServerAccessManage:473 - Download File STMicroelectronics.X-CUBE-FREERTOS.pdsc
2023-06-09 12:11:04,313 [INFO] ServerAccessManage:473 - Download File STMicroelectronics.X-CUBE-GNSS1.pdsc
2023-06-09 12:11:04,746 [ERROR] ServerAccessManage:1089 - Problem, file not found on Server
2023-06-09 12:11:04,855 [ERROR] ServerAccessManage:1089 - Problem, file not found on Server
2023-06-09 12:11:04,989 [ERROR] ServerAccessManage:1089 - Problem, file not found on Server
2023-06-09 12:11:05,041 [ERROR] ServerAccessManage:1089 - Problem, file not found on Server
2023-06-09 12:11:05,112 [ERROR] ServerAccessManage:1089 - Problem, file not found on Server
2023-06-09 12:11:05,203 [ERROR] ServerAccessManage:1089 - Problem, file not found on Server
2023-06-09 12:11:05,235 [INFO] ServerAccessManage:473 - Download File STMicroelectronics.X-CUBE-ISPU.pdsc
2023-06-09 12:11:05,583 [INFO] ServerAccessManage:473 - Download File STMicroelectronics.X-CUBE-MEMS1.pdsc
2023-06-09 12:11:06,212 [WARN] MainUpdater:1187 - Updater busy. Cannot search thirdparties
2023-06-09 12:11:06,212 [INFO] ThirdPartyUpdaterWithRetryManager:96 - Updater plugin is busy. [3/15]
2023-06-09 12:11:07,676 [INFO] ServerAccessManage:473 - Download File STMicroelectronics.X-CUBE-NFC4.pdsc
2023-06-09 12:11:09,219 [WARN] MainUpdater:1187 - Updater busy. Cannot search thirdparties
2023-06-09 12:11:09,219 [INFO] ThirdPartyUpdaterWithRetryManager:96 - Updater plugin is busy. [4/15]
2023-06-09 12:11:09,640 [INFO] ServerAccessManage:473 - Download File STMicroelectronics.X-CUBE-NFC7.pdsc
2023-06-09 12:11:09,777 [INFO] ServerAccessManage:473 - Download File STMicroelectronics.X-CUBE-SFXS2LP1.pdsc
2023-06-09 12:11:10,126 [INFO] ServerAccessManage:473 - Download File STMicroelectronics.X-CUBE-SUBG2.pdsc
2023-06-09 12:11:10,964 [INFO] ServerAccessManage:473 - Download File STMicroelectronics.X-CUBE-SMBUS.pdsc
2023-06-09 12:11:11,100 [ERROR] ServerAccessManage:1089 - Problem, file not found on Server
2023-06-09 12:11:11,134 [INFO] ServerAccessManage:473 - Download File STMicroelectronics.X-CUBE-TOF1.pdsc
2023-06-09 12:11:11,586 [ERROR] ServerAccessManage:1089 - Problem, file not found on Server
2023-06-09 12:11:11,741 [INFO] ServerAccessManage:473 - Download File STMicroelectronics.X-CUBE-TOUCHGFX.pdsc
2023-06-09 12:11:12,224 [WARN] MainUpdater:1187 - Updater busy. Cannot search thirdparties
2023-06-09 12:11:12,224 [INFO] ThirdPartyUpdaterWithRetryManager:96 - Updater plugin is busy. [5/15]
2023-06-09 12:11:13,479 [INFO] ServerAccessManage:473 - Download File STMicroelectronics.X-CUBE-ALGOBUILD.pdsc
2023-06-09 12:11:13,973 [INFO] ServerAccessManage:473 - Download File STMicroelectronics.X-CUBE-AZRTOS-H7.pdsc
2023-06-09 12:11:14,497 [INFO] ServerAccessManage:473 - Download File STMicroelectronics.X-CUBE-AZRTOS-F4.pdsc
2023-06-09 12:11:14,814 [INFO] ServerAccessManage:473 - Download File STMicroelectronics.X-CUBE-AZRTOS-F7.pdsc
2023-06-09 12:11:15,095 [INFO] ServerAccessManage:473 - Download File STMicroelectronics.X-CUBE-AZRTOS-L4.pdsc
2023-06-09 12:11:15,231 [WARN] MainUpdater:1187 - Updater busy. Cannot search thirdparties
2023-06-09 12:11:15,232 [INFO] ThirdPartyUpdaterWithRetryManager:96 - Updater plugin is busy. [6/15]
2023-06-09 12:11:15,364 [INFO] ServerAccessManage:473 - Download File STMicroelectronics.X-CUBE-AZRTOS-L5.pdsc
2023-06-09 12:11:15,620 [INFO] ServerAccessManage:473 - Download File STMicroelectronics.X-CUBE-AZRTOS-G0.pdsc
2023-06-09 12:11:15,968 [INFO] ServerAccessManage:473 - Download File STMicroelectronics.X-CUBE-AZRTOS-G4.pdsc
2023-06-09 12:11:16,168 [INFO] ServerAccessManage:473 - Download File STMicroelectronics.X-CUBE-AZRTOS-WB.pdsc
2023-06-09 12:11:16,361 [INFO] ServerAccessManage:473 - Download File STMicroelectronics.X-CUBE-AZRTOS-WL.pdsc
2023-06-09 12:11:16,973 [INFO] ServerAccessManage:473 - Download File wolfSSL.I-CUBE-wolfSSL.pdsc
2023-06-09 12:11:17,836 [INFO] MainUpdater:2854 - connection check result : 10
2023-06-09 12:11:18,237 [WARN] MainUpdater:1187 - Updater busy. Cannot search thirdparties
2023-06-09 12:11:18,237 [INFO] ThirdPartyUpdaterWithRetryManager:96 - Updater plugin is busy. [7/15]
2023-06-09 12:11:19,497 [ERROR] ServerAccessManage:1089 - Problem, file not found on Server
2023-06-09 12:11:20,297 [ERROR] ServerAccessManage:1089 - Problem, file not found on Server
2023-06-09 12:11:20,656 [ERROR] ServerAccessManage:1089 - Problem, file not found on Server
2023-06-09 12:11:21,240 [WARN] MainUpdater:1187 - Updater busy. Cannot search thirdparties
2023-06-09 12:11:21,240 [INFO] ThirdPartyUpdaterWithRetryManager:96 - Updater plugin is busy. [8/15]
2023-06-09 12:11:21,286 [ERROR] ServerAccessManage:1096 - Problem, Http access forbiden
2023-06-09 12:11:21,287 [ERROR] ServerAccessManage:651 - Problem, Http access forbiden : RoweBots.I-CUBE-UNISONRTOS.pdsc.
2023-06-09 12:11:21,473 [INFO] ServerAccessManage:473 - Download File SEGGER.I-CUBE-embOS.pdsc
2023-06-09 12:11:22,065 [INFO] ServerAccessManage:473 - Download File portGmbH.I-Cube-SoM-uGOAL.pdsc
2023-06-09 12:11:22,450 [ERROR] ServerAccessManage:1089 - Problem, file not found on Server
2023-06-09 12:11:22,484 [ERROR] ServerAccessManage:1089 - Problem, file not found on Server
2023-06-09 12:11:22,519 [ERROR] ServerAccessManage:1089 - Problem, file not found on Server
2023-06-09 12:11:22,741 [INFO] ServerAccessManage:473 - Download File emotas.I-CUBE-CANOPEN.pdsc
2023-06-09 12:11:23,855 [INFO] ServerAccessManage:473 - Download File WES.I-CUBE-Cesium.pdsc
2023-06-09 12:11:24,241 [WARN] MainUpdater:1187 - Updater busy. Cannot search thirdparties
2023-06-09 12:11:24,241 [INFO] ThirdPartyUpdaterWithRetryManager:96 - Updater plugin is busy. [9/15]
2023-06-09 12:11:25,705 [ERROR] ServerAccessManage:1089 - Problem, file not found on Server
2023-06-09 12:11:26,371 [ERROR] ServerAccessManage:1089 - Problem, file not found on Server
2023-06-09 12:11:26,428 [WARN] CheckServerUpdateThread:151 - Open CheckUpdateFile Fail
2023-06-09 12:11:26,443 [WARN] PackLoader:240 - Cannot read IP mode file for STMicroelectronics.FP-ATR-ASTRA1.2.0.0
2023-06-09 12:11:26,450 [WARN] PackLoader:240 - Cannot read IP mode file for STMicroelectronics.FP-ATR-SIGFOX1.3.2.0
2023-06-09 12:11:26,457 [WARN] PackLoader:240 - Cannot read IP mode file for STMicroelectronics.FP-SNS-FLIGHT1.5.0.1
2023-06-09 12:11:26,462 [ERROR] RealEvaluatedCondition:428 - Found unsupported composite condition: GROUP='STM32_MetaDataManager' CLASS='Data Exchange'
2023-06-09 12:11:26,462 [ERROR] RealEvaluatedCondition:428 - Found unsupported composite condition: GROUP='STM32_MetaDataManager' CLASS='Data Exchange'
2023-06-09 12:11:26,463 [WARN] PackLoader:240 - Cannot read IP mode file for STMicroelectronics.FP-SNS-MOTENV1.4.3.1
2023-06-09 12:11:26,469 [WARN] PackLoader:240 - Cannot read IP mode file for STMicroelectronics.X-CUBE-AI.8.0.1
2023-06-09 12:11:26,475 [WARN] PackLoader:240 - Cannot read IP mode file for STMicroelectronics.X-CUBE-ALS.1.0.1
2023-06-09 12:11:26,485 [WARN] PackLoader:240 - Cannot read IP mode file for STMicroelectronics.X-CUBE-BLE1.6.2.4
2023-06-09 12:11:26,491 [WARN] PackLoader:240 - Cannot read IP mode file for STMicroelectronics.X-CUBE-BLE2.3.3.0
2023-06-09 12:11:26,499 [WARN] PackLoader:240 - Cannot read IP mode file for STMicroelectronics.X-CUBE-BLEMGR.2.0.0
2023-06-09 12:11:26,518 [WARN] PackLoader:240 - Cannot read IP mode file for STMicroelectronics.X-CUBE-DISPLAY.3.0.0
2023-06-09 12:11:26,528 [WARN] PackLoader:240 - Cannot read IP mode file for STMicroelectronics.X-CUBE-EEPRMA1.4.1.0
2023-06-09 12:11:26,536 [WARN] PackLoader:240 - Cannot read IP mode file for STMicroelectronics.X-CUBE-FREERTOS.1.0.1
2023-06-09 12:11:26,543 [WARN] PackLoader:240 - Cannot read IP mode file for STMicroelectronics.X-CUBE-GNSS1.6.0.0
2023-06-09 12:11:26,549 [WARN] PackLoader:240 - Cannot read IP mode file for STMicroelectronics.X-CUBE-ISPU.1.1.0
2023-06-09 12:11:26,555 [INFO] CheckServerUpdateThread:120 - End of CheckServer Thread
2023-06-09 12:11:26,584 [INFO] McuFinderGlobals:66 - Set McuFinderConnectedMode to true
2023-06-09 12:11:26,597 [WARN] PackLoader:240 - Cannot read IP mode file for STMicroelectronics.X-CUBE-MEMS1.9.6.0
2023-06-09 12:11:26,743 [WARN] PackLoader:240 - Cannot read IP mode file for STMicroelectronics.X-CUBE-NFC4.3.0.0
2023-06-09 12:11:26,754 [WARN] PackLoader:240 - Cannot read IP mode file for STMicroelectronics.X-CUBE-NFC7.1.0.0
2023-06-09 12:11:26,764 [WARN] PackLoader:240 - Cannot read IP mode file for STMicroelectronics.X-CUBE-SFXS2LP1.4.0.0
2023-06-09 12:11:26,774 [WARN] PackLoader:240 - Cannot read IP mode file for STMicroelectronics.X-CUBE-SUBG2.5.0.0
2023-06-09 12:11:26,783 [WARN] PackLoader:240 - Cannot read IP mode file for STMicroelectronics.X-CUBE-SMBUS.2.1.0
2023-06-09 12:11:26,791 [WARN] PackLoader:240 - Cannot read IP mode file for STMicroelectronics.X-CUBE-TOF1.3.3.0
2023-06-09 12:11:26,802 [WARN] PackLoader:240 - Cannot read IP mode file for STMicroelectronics.X-CUBE-TOUCHGFX.4.21.4
2023-06-09 12:11:26,810 [WARN] PackLoader:240 - Cannot read IP mode file for STMicroelectronics.X-CUBE-ALGOBUILD.1.3.0
2023-06-09 12:11:26,827 [WARN] ConditionMgr:438 - getConditionDescription Invalid condition id : UX DEVICE CLASS RTOS Condition cause : null
2023-06-09 12:11:26,828 [WARN] ConditionMgr:438 - getConditionDescription Invalid condition id : UX DEVICE CLASS RTOS Condition cause : null
2023-06-09 12:11:26,832 [WARN] PackLoader:240 - Cannot read IP mode file for STMicroelectronics.X-CUBE-AZRTOS-H7.3.1.0
2023-06-09 12:11:26,834 [WARN] ConditionMgr:1039 - genDependencies : Invalid condition id : UX DEVICE CLASS RTOS Condition cause : null
2023-06-09 12:11:26,835 [WARN] ConditionMgr:1039 - genDependencies : Invalid condition id : UX DEVICE CLASS RTOS Condition cause : null
2023-06-09 12:11:26,836 [WARN] ConditionMgr:1039 - genDependencies : Invalid condition id : UX DEVICE CLASS RTOS Condition cause : null
2023-06-09 12:11:26,837 [WARN] ConditionMgr:1039 - genDependencies : Invalid condition id : UX DEVICE CLASS RTOS Condition cause : null
2023-06-09 12:11:26,838 [WARN] ConditionMgr:1039 - genDependencies : Invalid condition id : UX DEVICE CLASS RTOS Condition cause : null
2023-06-09 12:11:26,863 [WARN] PackLoader:240 - Cannot read IP mode file for STMicroelectronics.X-CUBE-AZRTOS-F4.1.1.0
2023-06-09 12:11:26,866 [INFO] ServerAccessManage:473 - Download File mcusAds.json._tmp_
2023-06-09 12:11:26,887 [WARN] PackLoader:240 - Cannot read IP mode file for STMicroelectronics.X-CUBE-AZRTOS-F7.1.1.0
2023-06-09 12:11:26,924 [WARN] ConditionMgr:438 - getConditionDescription Invalid condition id : LAN8742 Phy interface Condition cause : null
2023-06-09 12:11:26,925 [WARN] PackLoader:240 - Cannot read IP mode file for STMicroelectronics.X-CUBE-AZRTOS-L4.2.0.0
2023-06-09 12:11:26,927 [WARN] ConditionMgr:1039 - genDependencies : Invalid condition id : LAN8742 Phy interface Condition cause : null
2023-06-09 12:11:26,928 [WARN] ConditionMgr:1039 - genDependencies : Invalid condition id : LAN8742 Phy interface Condition cause : null
2023-06-09 12:11:26,929 [WARN] ConditionMgr:1039 - genDependencies : Invalid condition id : LAN8742 Phy interface Condition cause : null
2023-06-09 12:11:26,947 [WARN] PackLoader:240 - Cannot read IP mode file for STMicroelectronics.X-CUBE-AZRTOS-L5.1.1.0
2023-06-09 12:11:26,963 [WARN] PackLoader:240 - Cannot read IP mode file for STMicroelectronics.X-CUBE-AZRTOS-G0.1.1.0
2023-06-09 12:11:26,978 [WARN] PackLoader:240 - Cannot read IP mode file for STMicroelectronics.X-CUBE-AZRTOS-G4.2.0.0
2023-06-09 12:11:26,986 [INFO] LoadUrlFilesThread:156 - End of LoadUrlFiles Thread
2023-06-09 12:11:26,996 [WARN] PackLoader:240 - Cannot read IP mode file for STMicroelectronics.X-CUBE-AZRTOS-WB.1.1.0
2023-06-09 12:11:27,008 [INFO] LogOutputStream:77 - [STDOUT_REDIRECT] 1 : Invalid condition id : UX_CORESTACK_Condition cause : null
2023-06-09 12:11:27,009 [INFO] LogOutputStream:77 - [STDOUT_REDIRECT] 1 : Invalid condition id : UX_CORESTACK_Condition cause : null
2023-06-09 12:11:27,010 [INFO] LogOutputStream:77 - [STDOUT_REDIRECT] 1 : Invalid condition id : UX_CORESTACK_Condition cause : null
2023-06-09 12:11:27,012 [INFO] LogOutputStream:77 - [STDOUT_REDIRECT] 1 : Invalid condition id : UX_CORESTACK_Condition cause : null
2023-06-09 12:11:27,014 [INFO] LogOutputStream:77 - [STDOUT_REDIRECT] 1 : Invalid condition id : UX_CORESTACK_Condition cause : null
2023-06-09 12:11:27,020 [WARN] PackLoader:240 - Cannot read IP mode file for STMicroelectronics.X-CUBE-AZRTOS-WL.2.0.0
2023-06-09 12:11:27,030 [WARN] PackLoader:240 - Cannot read IP mode file for wolfSSL.I-CUBE-wolfSSL.5.6.0
2023-06-09 12:11:27,059 [WARN] PackLoader:240 - Cannot read IP mode file for SEGGER.I-CUBE-embOS.1.3.1
2023-06-09 12:11:27,093 [WARN] PackLoader:240 - Cannot read IP mode file for portGmbH.I-Cube-SoM-uGOAL.1.1.0
2023-06-09 12:11:27,103 [WARN] PackLoader:240 - Cannot read IP mode file for emotas.I-CUBE-CANOPEN.1.1.3
2023-06-09 12:11:27,111 [WARN] PackLoader:240 - Cannot read IP mode file for WES.I-CUBE-Cesium.1.3.0
2023-06-09 12:11:27,111 [INFO] PopulateThirdPartyThread:66 - Ending populate Thread
2023-06-09 12:11:27,115 [INFO] ThirdParty:1030 - CMSIS Pack Vendor :STMicroelectronics X-CUBE-ISPU 1.1.0
2023-06-09 12:11:27,115 [INFO] ThirdParty:1030 - CMSIS Pack Vendor :STMicroelectronics X-CUBE-DISPLAY 3.0.0
2023-06-09 12:11:27,115 [INFO] ThirdParty:1030 - CMSIS Pack Vendor :STMicroelectronics X-CUBE-GNSS1 6.0.0
2023-06-09 12:11:27,115 [INFO] ThirdParty:1030 - CMSIS Pack Vendor :STMicroelectronics X-CUBE-AZRTOS-F4 1.1.0
2023-06-09 12:11:27,116 [INFO] ThirdParty:1030 - CMSIS Pack Vendor :STMicroelectronics FP-ATR-SIGFOX1 3.2.0
2023-06-09 12:11:27,116 [INFO] ThirdParty:1030 - CMSIS Pack Vendor :STMicroelectronics X-CUBE-SMBUS 2.1.0
2023-06-09 12:11:27,116 [INFO] ThirdParty:1030 - CMSIS Pack Vendor :wolfSSL I-CUBE-wolfSSL 5.6.0
2023-06-09 12:11:27,116 [INFO] ThirdParty:1030 - CMSIS Pack Vendor :STMicroelectronics X-CUBE-FREERTOS 1.0.1
2023-06-09 12:11:27,116 [INFO] ThirdParty:1030 - CMSIS Pack Vendor :STMicroelectronics X-CUBE-NFC7 1.0.0
2023-06-09 12:11:27,116 [INFO] ThirdParty:1030 - CMSIS Pack Vendor :STMicroelectronics X-CUBE-TOUCHGFX 4.21.4
2023-06-09 12:11:27,116 [INFO] ThirdParty:1030 - CMSIS Pack Vendor :STMicroelectronics X-CUBE-AZRTOS-F7 1.1.0
2023-06-09 12:11:27,116 [INFO] ThirdParty:1030 - CMSIS Pack Vendor :STMicroelectronics X-CUBE-ALS 1.0.1
2023-06-09 12:11:27,116 [INFO] ThirdParty:1030 - CMSIS Pack Vendor :STMicroelectronics X-CUBE-EEPRMA1 4.1.0
2023-06-09 12:11:27,116 [INFO] ThirdParty:1030 - CMSIS Pack Vendor :portGmbH I-Cube-SoM-uGOAL 1.1.0
2023-06-09 12:11:27,116 [INFO] ThirdParty:1030 - CMSIS Pack Vendor :STMicroelectronics X-CUBE-MEMS1 9.6.0
2023-06-09 12:11:27,117 [INFO] ThirdParty:1030 - CMSIS Pack Vendor :STMicroelectronics X-CUBE-AZRTOS-WB 1.1.0
2023-06-09 12:11:27,117 [INFO] ThirdParty:1030 - CMSIS Pack Vendor :STMicroelectronics FP-SNS-FLIGHT1 5.0.1
2023-06-09 12:11:27,117 [INFO] ThirdParty:1030 - CMSIS Pack Vendor :STMicroelectronics FP-SNS-MOTENV1 4.3.1
2023-06-09 12:11:27,117 [INFO] ThirdParty:1030 - CMSIS Pack Vendor :STMicroelectronics X-CUBE-ALGOBUILD 1.3.0
2023-06-09 12:11:27,119 [INFO] ThirdParty:1030 - CMSIS Pack Vendor :STMicroelectronics X-CUBE-AZRTOS-WL 2.0.0
2023-06-09 12:11:27,119 [INFO] ThirdParty:1030 - CMSIS Pack Vendor :SEGGER I-CUBE-embOS 1.3.1
2023-06-09 12:11:27,119 [INFO] ThirdParty:1030 - CMSIS Pack Vendor :STMicroelectronics X-CUBE-BLE1 6.2.4
2023-06-09 12:11:27,119 [INFO] ThirdParty:1030 - CMSIS Pack Vendor :STMicroelectronics X-CUBE-AZRTOS-L5 1.1.0
2023-06-09 12:11:27,119 [INFO] ThirdParty:1030 - CMSIS Pack Vendor :STMicroelectronics X-CUBE-AZRTOS-G0 1.1.0
2023-06-09 12:11:27,119 [INFO] ThirdParty:1030 - CMSIS Pack Vendor :emotas I-CUBE-CANOPEN 1.1.3
2023-06-09 12:11:27,119 [INFO] ThirdParty:1030 - CMSIS Pack Vendor :STMicroelectronics X-CUBE-AI 8.0.1
2023-06-09 12:11:27,119 [INFO] ThirdParty:1030 - CMSIS Pack Vendor :STMicroelectronics X-CUBE-BLEMGR 2.0.0
2023-06-09 12:11:27,119 [INFO] ThirdParty:1030 - CMSIS Pack Vendor :STMicroelectronics X-CUBE-NFC4 3.0.0
2023-06-09 12:11:27,119 [INFO] ThirdParty:1030 - CMSIS Pack Vendor :STMicroelectronics X-CUBE-SUBG2 5.0.0
2023-06-09 12:11:27,119 [INFO] ThirdParty:1030 - CMSIS Pack Vendor :STMicroelectronics X-CUBE-AZRTOS-L4 2.0.0
2023-06-09 12:11:27,119 [INFO] ThirdParty:1030 - CMSIS Pack Vendor :STMicroelectronics FP-ATR-ASTRA1 2.0.0
2023-06-09 12:11:27,119 [INFO] ThirdParty:1030 - CMSIS Pack Vendor :WES I-CUBE-Cesium 1.3.0
2023-06-09 12:11:27,119 [INFO] ThirdParty:1030 - CMSIS Pack Vendor :STMicroelectronics X-CUBE-SFXS2LP1 4.0.0
2023-06-09 12:11:27,119 [INFO] ThirdParty:1030 - CMSIS Pack Vendor :STMicroelectronics X-CUBE-BLE2 3.3.0
2023-06-09 12:11:27,119 [INFO] ThirdParty:1030 - CMSIS Pack Vendor :STMicroelectronics X-CUBE-AZRTOS-G4 2.0.0
2023-06-09 12:11:27,119 [INFO] ThirdParty:1030 - CMSIS Pack Vendor :STMicroelectronics X-CUBE-TOF1 3.3.0
2023-06-09 12:11:27,119 [INFO] ThirdParty:1030 - CMSIS Pack Vendor :STMicroelectronics X-CUBE-AZRTOS-H7 3.1.0
2023-06-09 12:11:27,120 [INFO] LoadServerUpdatesThread:373 - End of LoadServerUpdate Thread
2023-06-09 12:11:27,241 [WARN] MainUpdater:1187 - Updater busy. Cannot search thirdparties
2023-06-09 12:11:27,241 [INFO] ThirdPartyUpdaterWithRetryManager:96 - Updater plugin is busy. [10/15]
2023-06-09 12:11:27,331 [INFO] ServerAccessManage:473 - Download File cube-finder-db.zip
2023-06-09 12:11:30,252 [WARN] MainUpdater:1187 - Updater busy. Cannot search thirdparties
2023-06-09 12:11:30,252 [INFO] ThirdPartyUpdaterWithRetryManager:96 - Updater plugin is busy. [11/15]
2023-06-09 12:11:33,113 [INFO] FileExtend:240 - Unzip File : cube-finder-db.zip
2023-06-09 12:11:33,114 [INFO] FileExtend:255 - Standard Zip Deflate
2023-06-09 12:11:33,261 [WARN] MainUpdater:1187 - Updater busy. Cannot search thirdparties
2023-06-09 12:11:33,261 [INFO] ThirdPartyUpdaterWithRetryManager:96 - Updater plugin is busy. [12/15]
2023-06-09 12:11:33,975 [INFO] LoadUrlFilesThread:156 - End of LoadUrlFiles Thread
2023-06-09 12:11:34,443 [INFO] ServerAccessManage:473 - Download File crdb.zip
2023-06-09 12:11:34,677 [INFO] FileExtend:240 - Unzip File : crdb.zip
2023-06-09 12:11:34,678 [INFO] FileExtend:255 - Standard Zip Deflate
2023-06-09 12:11:34,828 [INFO] LoadUrlFilesThread:156 - End of LoadUrlFiles Thread
2023-06-09 12:11:34,997 [INFO] ServerAccessManage:473 - Download File tutoVideoDB.zip
2023-06-09 12:11:35,021 [INFO] FileExtend:240 - Unzip File : tutoVideoDB.zip
2023-06-09 12:11:35,022 [INFO] FileExtend:255 - Standard Zip Deflate
2023-06-09 12:11:35,157 [INFO] LoadUrlFilesThread:156 - End of LoadUrlFiles Thread
2023-06-09 12:11:35,168 [WARN] DbFile:41 - Overriding database path with different value: C:\Users\HP\.stmcufinder\plugins\mcufinder/ => C:\Users\HP\.stmcufinder\plugins\mcufinder
2023-06-09 12:11:35,328 [INFO] ServerAccessManage:473 - Download File api_config.json
2023-06-09 12:11:35,449 [INFO] LoadUrlFilesThread:156 - End of LoadUrlFiles Thread
2023-06-09 12:11:35,450 [INFO] DbMcusAds:53 - JSON generation date=Tue Mar 07 08:50:55 GMT 2023 (1678179055335)
2023-06-09 12:11:35,549 [INFO] ServerAccessManage:473 - Download File 
2023-06-09 12:11:35,565 [INFO] LoadUrlFilesThread:185 - End of LoadServerUrlFiles without Thread
2023-06-09 12:11:35,565 [INFO] TargetSelectorAdapter:259 - Refresh data is successful
2023-06-09 12:11:35,667 [INFO] ApiDb:581 - Connected to CubeFinder SQLite database (C:\Users\HP\.stmcufinder\plugins\mcufinder\mcu\cube-finder-db.db)
2023-06-09 12:11:35,723 [INFO] ApiDb:668 - CubeFinder database Data Model version=2.1
2023-06-09 12:11:35,723 [INFO] ApiDb:669 - CubeFinder database Configuration version=3.0.35
2023-06-09 12:11:35,723 [INFO] ApiDb:670 - CubeFinder database generation date=2023-05-12 (1683877179)
2023-06-09 12:11:35,723 [INFO] ApiDb:671 - CubeFinder database FW Pack versions=[FP-ATR-ASTRA1_V2.0.0, FP-SNS-FLIGHT1_V5.0.0, FP-SNS-MOTENV1_V4.3.0, STM32Cube_FW_C0_V1.0.1, STM32Cube_FW_F0_V1.11.4, STM32Cube_FW_F3_V1.11.4, STM32Cube_FW_F4_V1.27.1, STM32Cube_FW_F7_V1.17.0, STM32Cube_FW_G0_V1.6.1, STM32Cube_FW_G4_V1.5.1, STM32Cube_FW_H5_V0.5.1, STM32Cube_FW_H5_V1.0.0, STM32Cube_FW_H7_V1.11.0, STM32Cube_FW_L0_V1.12.2, STM32Cube_FW_L5_V1.5.0, STM32Cube_FW_U5_V1.2.0, STM32Cube_FW_WBA_V1.0.0, STM32Cube_FW_WBA_V1.0.0RC1, STM32Cube_FW_WBA_V1.0.0RC3, STM32Cube_FW_WB_V1.15.0RC1, STM32Cube_FW_WB_V1.16.0, STM32Cube_FW_WB_V1.16.0RC2, STM32Cube_FW_WL_V1.3.0, X-CUBE-ALGOBUILD_V1.3.0, X-CUBE-ALS_V1.0.1, X-CUBE-AZRTOS-F4_V1.1.0, X-CUBE-AZRTOS-F7_V1.1.0, X-CUBE-AZRTOS-G0_V1.1.0, X-CUBE-AZRTOS-G4_V2.0.0, X-CUBE-AZRTOS-H7_V3.1.0, X-CUBE-AZRTOS-L4_V1.0.0, X-CUBE-AZRTOS-L5_V1.1.0, X-CUBE-AZRTOS-WB_V1.1.0, X-CUBE-AZRTOS-WL_V1.0.0, X-CUBE-BLE1_V6.2.4, X-CUBE-BLE2_V3.3.0, X-CUBE-BLEMGR_V2.0.0, X-CUBE-EEPRMA1_V4.1.0, X-CUBE-FREERTOS_V1.0.1, X-CUBE-GNSS1_V6.0.0, X-CUBE-MEMS1_V9.1.0, X-CUBE-MEMS1_V9.4.0, X-CUBE-MEMS1_V9.6.0, X-CUBE-NFC4_V3.0.0, X-CUBE-NFC7_V1.0.0, X-CUBE-SFXS2LP1_V4.0.0, X-CUBE-SUBG2_V5.0.0]
2023-06-09 12:11:36,392 [WARN] PackLoader:240 - Cannot read IP mode file for STMicroelectronics.X-CUBE-SMBUS.2.1.0
2023-06-09 12:11:36,402 [WARN] PackLoader:240 - Cannot read IP mode file for STMicroelectronics.X-CUBE-AZRTOS-F7.1.1.0
2023-06-09 12:11:36,408 [ERROR] RealEvaluatedCondition:428 - Found unsupported composite condition: CLASS='Data Exchange' GROUP='STM32_MetaDataManager'
2023-06-09 12:11:36,408 [ERROR] RealEvaluatedCondition:428 - Found unsupported composite condition: CLASS='Data Exchange' GROUP='STM32_MetaDataManager'
2023-06-09 12:11:36,408 [WARN] PackLoader:240 - Cannot read IP mode file for STMicroelectronics.FP-SNS-MOTENV1.4.3.1
2023-06-09 12:11:36,412 [WARN] PackLoader:240 - Cannot read IP mode file for STMicroelectronics.FP-SNS-FLIGHT1.5.0.1
2023-06-09 12:11:36,416 [WARN] PackLoader:240 - Cannot read IP mode file for STMicroelectronics.X-CUBE-BLE1.6.2.4
2023-06-09 12:11:36,421 [WARN] PackLoader:240 - Cannot read IP mode file for STMicroelectronics.X-CUBE-DISPLAY.3.0.0
2023-06-09 12:11:36,429 [INFO] LogOutputStream:77 - [STDOUT_REDIRECT] 1 : Invalid condition id : UX_CORESTACK_Condition cause : null
2023-06-09 12:11:36,430 [INFO] LogOutputStream:77 - [STDOUT_REDIRECT] 1 : Invalid condition id : UX_CORESTACK_Condition cause : null
2023-06-09 12:11:36,431 [INFO] LogOutputStream:77 - [STDOUT_REDIRECT] 1 : Invalid condition id : UX_CORESTACK_Condition cause : null
2023-06-09 12:11:36,432 [INFO] LogOutputStream:77 - [STDOUT_REDIRECT] 1 : Invalid condition id : UX_CORESTACK_Condition cause : null
2023-06-09 12:11:36,432 [INFO] LogOutputStream:77 - [STDOUT_REDIRECT] 1 : Invalid condition id : UX_CORESTACK_Condition cause : null
2023-06-09 12:11:36,434 [WARN] PackLoader:240 - Cannot read IP mode file for STMicroelectronics.X-CUBE-AZRTOS-WL.2.0.0
2023-06-09 12:11:36,440 [WARN] PackLoader:240 - Cannot read IP mode file for WES.I-CUBE-Cesium.1.3.0
2023-06-09 12:11:36,444 [WARN] PackLoader:240 - Cannot read IP mode file for STMicroelectronics.X-CUBE-BLE2.3.3.0
2023-06-09 12:11:36,448 [WARN] PackLoader:240 - Cannot read IP mode file for STMicroelectronics.X-CUBE-TOUCHGFX.4.21.4
2023-06-09 12:11:36,452 [WARN] PackLoader:240 - Cannot read IP mode file for STMicroelectronics.X-CUBE-ALGOBUILD.1.3.0
2023-06-09 12:11:36,462 [WARN] PackLoader:240 - Cannot read IP mode file for STMicroelectronics.X-CUBE-AZRTOS-G0.1.1.0
2023-06-09 12:11:36,467 [WARN] PackLoader:240 - Cannot read IP mode file for STMicroelectronics.X-CUBE-NFC4.3.0.0
2023-06-09 12:11:36,471 [WARN] PackLoader:240 - Cannot read IP mode file for STMicroelectronics.FP-ATR-SIGFOX1.3.2.0
2023-06-09 12:11:36,493 [WARN] PackLoader:240 - Cannot read IP mode file for SEGGER.I-CUBE-embOS.1.3.1
2023-06-09 12:11:36,521 [WARN] PackLoader:240 - Cannot read IP mode file for STMicroelectronics.X-CUBE-GNSS1.6.0.0
2023-06-09 12:11:36,534 [WARN] PackLoader:240 - Cannot read IP mode file for STMicroelectronics.X-CUBE-AZRTOS-F4.1.1.0
2023-06-09 12:11:36,541 [WARN] PackLoader:240 - Cannot read IP mode file for wolfSSL.I-CUBE-wolfSSL.5.6.0
2023-06-09 12:11:36,566 [WARN] PackLoader:240 - Cannot read IP mode file for STMicroelectronics.X-CUBE-MEMS1.9.6.0
2023-06-09 12:11:36,646 [WARN] PackLoader:240 - Cannot read IP mode file for emotas.I-CUBE-CANOPEN.1.1.3
2023-06-09 12:11:36,654 [WARN] PackLoader:240 - Cannot read IP mode file for STMicroelectronics.X-CUBE-BLEMGR.2.0.0
2023-06-09 12:11:36,667 [WARN] ConditionMgr:438 - getConditionDescription Invalid condition id : UX DEVICE CLASS RTOS Condition cause : null
2023-06-09 12:11:36,668 [WARN] ConditionMgr:438 - getConditionDescription Invalid condition id : UX DEVICE CLASS RTOS Condition cause : null
2023-06-09 12:11:36,670 [WARN] PackLoader:240 - Cannot read IP mode file for STMicroelectronics.X-CUBE-AZRTOS-H7.3.1.0
2023-06-09 12:11:36,670 [WARN] ConditionMgr:1039 - genDependencies : Invalid condition id : UX DEVICE CLASS RTOS Condition cause : null
2023-06-09 12:11:36,670 [WARN] ConditionMgr:1039 - genDependencies : Invalid condition id : UX DEVICE CLASS RTOS Condition cause : null
2023-06-09 12:11:36,672 [WARN] ConditionMgr:1039 - genDependencies : Invalid condition id : UX DEVICE CLASS RTOS Condition cause : null
2023-06-09 12:11:36,673 [WARN] ConditionMgr:1039 - genDependencies : Invalid condition id : UX DEVICE CLASS RTOS Condition cause : null
2023-06-09 12:11:36,673 [WARN] ConditionMgr:1039 - genDependencies : Invalid condition id : UX DEVICE CLASS RTOS Condition cause : null
2023-06-09 12:11:36,680 [WARN] PackLoader:240 - Cannot read IP mode file for STMicroelectronics.X-CUBE-NFC7.1.0.0
2023-06-09 12:11:36,685 [WARN] PackLoader:240 - Cannot read IP mode file for STMicroelectronics.X-CUBE-EEPRMA1.4.1.0
2023-06-09 12:11:36,697 [WARN] ConditionMgr:438 - getConditionDescription Invalid condition id : LAN8742 Phy interface Condition cause : null
2023-06-09 12:11:36,698 [WARN] PackLoader:240 - Cannot read IP mode file for STMicroelectronics.X-CUBE-AZRTOS-L4.2.0.0
2023-06-09 12:11:36,699 [WARN] ConditionMgr:1039 - genDependencies : Invalid condition id : LAN8742 Phy interface Condition cause : null
2023-06-09 12:11:36,699 [WARN] ConditionMgr:1039 - genDependencies : Invalid condition id : LAN8742 Phy interface Condition cause : null
2023-06-09 12:11:36,701 [WARN] ConditionMgr:1039 - genDependencies : Invalid condition id : LAN8742 Phy interface Condition cause : null
2023-06-09 12:11:36,706 [WARN] PackLoader:240 - Cannot read IP mode file for STMicroelectronics.X-CUBE-SFXS2LP1.4.0.0
2023-06-09 12:11:36,712 [WARN] PackLoader:240 - Cannot read IP mode file for STMicroelectronics.X-CUBE-ISPU.1.1.0
2023-06-09 12:11:36,717 [WARN] PackLoader:240 - Cannot read IP mode file for STMicroelectronics.X-CUBE-FREERTOS.1.0.1
2023-06-09 12:11:36,727 [WARN] PackLoader:240 - Cannot read IP mode file for STMicroelectronics.X-CUBE-AZRTOS-L5.1.1.0
2023-06-09 12:11:36,733 [WARN] PackLoader:240 - Cannot read IP mode file for STMicroelectronics.X-CUBE-AI.8.0.1
2023-06-09 12:11:36,742 [WARN] PackLoader:240 - Cannot read IP mode file for STMicroelectronics.X-CUBE-SUBG2.5.0.0
2023-06-09 12:11:36,756 [WARN] PackLoader:240 - Cannot read IP mode file for STMicroelectronics.X-CUBE-AZRTOS-G4.2.0.0
2023-06-09 12:11:36,766 [WARN] PackLoader:240 - Cannot read IP mode file for STMicroelectronics.X-CUBE-TOF1.3.3.0
2023-06-09 12:11:36,778 [WARN] PackLoader:240 - Cannot read IP mode file for portGmbH.I-Cube-SoM-uGOAL.1.1.0
2023-06-09 12:11:36,781 [WARN] PackLoader:240 - Cannot read IP mode file for STMicroelectronics.X-CUBE-ALS.1.0.1
2023-06-09 12:11:36,791 [WARN] PackLoader:240 - Cannot read IP mode file for STMicroelectronics.X-CUBE-AZRTOS-WB.1.1.0
2023-06-09 12:11:36,797 [WARN] PackLoader:240 - Cannot read IP mode file for STMicroelectronics.FP-ATR-ASTRA1.2.0.0
2023-06-09 12:11:36,798 [INFO] ThirdParty:978 - Integrity check success = true
2023-06-09 12:11:36,798 [INFO] IntegrityCheckThread:100 - exiting critical section [integrity check]
2023-06-09 12:11:36,798 [INFO] IntegrityCheckThread:103 - End integrity checks thread
2023-06-09 12:11:37,314 [INFO] ApiDb:240 - Found 297 in-development CPN: [B-G473E-ZEST1S, B-WB1M-WPAN1, B-WL5M-SUBG1, NUCLEO-C031C6, NUCLEO-H503RB, NUCLEO-H563ZI, NUCLEO-U545RE-Q, NUCLEO-U5A5ZJ-Q, NUCLEO-WBA52CG, STEVAL-PROTEUS1, STEVAL-STWINBX1, STM320518-EVAL, STM32C0116-DK, STM32C011D6Y3TR, STM32C011D6Y6TR, STM32C011F4P3, STM32C011F4P6, STM32C011F4U3, STM32C011F4U6TR, STM32C011F6P3, STM32C011F6P6, STM32C011F6U3, STM32C011F6U6TR, STM32C011J4M3, STM32C011J4M6, STM32C011J6M3, STM32C011J6M6, STM32C0316-DK, STM32C031C4T3, STM32C031C4T6, STM32C031C4U3, STM32C031C4U6, STM32C031C6T3, STM32C031C6T6, STM32C031C6U3, STM32C031C6U6, STM32C031F4P3, STM32C031F4P6, STM32C031F6P3, STM32C031F6P6, STM32C031G4U3, STM32C031G4U6, STM32C031G6U3, STM32C031G6U6, STM32C031K4T3, STM32C031K4T6, STM32C031K4U3, STM32C031K4U6, STM32C031K6T3, STM32C031K6T6, STM32C031K6U3, STM32C031K6U6, STM32G071K8TXN, STM32G071K8UXN, STM32G081GBU6N, STM32G081KBT6N, STM32G081KBUXN, STM32G0B1CCT6N, STM32G0B1KCT6, STM32G0B1NEY6TR, STM32G0B1RCT6N, STM32G0C1CCT6, STM32G0C1CCT6N, STM32G0C1CCU6N, STM32G0C1CET6N, STM32G0C1CEU6N, STM32G0C1KCT6, STM32G0C1NEY6TR, STM32G0C1RCI6N, STM32G0C1RCT6N, STM32G0C1REI6N, STM32G0C1RET6N, STM32G0C1VCI6, STM32G0C1VEI6, STM32G471CCT6, STM32G471CCU6, STM32G471CET3, STM32G471CET6, STM32G471CEU3, STM32G471CEU6, STM32G471MCT6, STM32G471MET3, STM32G471MET6, STM32G471MEY6TR, STM32G471QCT6, STM32G471QET3, STM32G471RCT6, STM32G471RET3, STM32G471RET6, STM32G471VCH6, STM32G471VCI6, STM32G471VCT6, STM32G471VEH3, STM32G471VEH6, STM32G471VEI3, STM32G471VEI6, STM32G471VET3, STM32G471VET6, STM32G474CCT6, STM32H503CBT6, STM32H503CBU6, STM32H503EBY6TR, STM32H503KBU6, STM32H503RBT6, STM32H562AGI6, STM32H562AII6, STM32H562IGK6, STM32H562IGT6, STM32H562IIK6, STM32H562IIT6, STM32H562RGT6, STM32H562RGV6, STM32H562RIT6, STM32H562RIV6, STM32H562VGT6, STM32H562VIT6, STM32H562ZGT6, STM32H562ZIT6, STM32H563AGI6, STM32H563AII3Q, STM32H563AII6, STM32H563IGK6, STM32H563IGT6, STM32H563IIK3Q, STM32H563IIK6, STM32H563IIT3Q, STM32H563IIT6, STM32H563MIY3QTR, STM32H563RGT6, STM32H563RGV6, STM32H563RIT6, STM32H563RIV6, STM32H563VGT6, STM32H563VIT3Q, STM32H563VIT6, STM32H563ZGT6, STM32H563ZIT3Q, STM32H563ZIT6, STM32H573AII3Q, STM32H573AII6, STM32H573I-DK, STM32H573IIK3Q, STM32H573IIK6, STM32H573IIT3Q, STM32H573IIT6, STM32H573MIY3QTR, STM32H573RIT6, STM32H573RIV6, STM32H573VIT3Q, STM32H573VIT6, STM32H573ZIT3Q, STM32H573ZIT6, STM32L4R5QGI6STR, STM32MP131AAE3, STM32MP131AAF3, STM32MP131AAG3, STM32MP131CAE3, STM32MP131CAF3, STM32MP131CAG3, STM32MP131DAE7, STM32MP131DAF7, STM32MP131DAG7, STM32MP131FAE7, STM32MP131FAF7, STM32MP131FAG7, STM32MP133AAE3, STM32MP133AAF3, STM32MP133AAG3, STM32MP133CAE3, STM32MP133CAF3, STM32MP133CAG3, STM32MP133DAE7, STM32MP133DAF7, STM32MP133DAG7, STM32MP133FAE7, STM32MP133FAF7, STM32MP133FAG7, STM32MP135AAE3, STM32MP135AAF3, STM32MP135AAG3, STM32MP135CAE3, STM32MP135CAF3, STM32MP135CAG3, STM32MP135DAE7, STM32MP135DAF7, STM32MP135DAG7, STM32MP135F-DK, STM32MP135FAE7, STM32MP135FAF7, STM32MP135FAF7T, STM32MP135FAF7U, STM32MP135FAG7, STM32U535CBT6, STM32U535CBT6Q, STM32U535CBU6, STM32U535CBU6Q, STM32U535CCT6, STM32U535CCT6Q, STM32U535CCU6, STM32U535CCU6Q, STM32U535CET6, STM32U535CET6Q, STM32U535CEU6, STM32U535CEU6Q, STM32U535JEY6QTR, STM32U535NCY6QTR, STM32U535NEY6QTR, STM32U535RBI6, STM32U535RBI6Q, STM32U535RBT6, STM32U535RBT6Q, STM32U535RCI6, STM32U535RCI6Q, STM32U535RCT6, STM32U535RCT6Q, STM32U535REI6, STM32U535REI6Q, STM32U535RET6, STM32U535RET6Q, STM32U535VCI6, STM32U535VCI6Q, STM32U535VCT6, STM32U535VCT6Q, STM32U535VEI6, STM32U535VEI6Q, STM32U535VET6, STM32U535VET6Q, STM32U545CET6, STM32U545CET6Q, STM32U545CEU6, STM32U545CEU6Q, STM32U545JEY6QTR, STM32U545NEY6QTR, STM32U545REI6, STM32U545REI6Q, STM32U545RET6, STM32U545RET6Q, STM32U545VEI6, STM32U545VEI6Q, STM32U545VET6, STM32U545VET6Q, STM32U595AIH6, STM32U595AIH6Q, STM32U595AJH6, STM32U595AJH6Q, STM32U595QII6, STM32U595QII6Q, STM32U595QJI6, STM32U595QJI6Q, STM32U595RIT6, STM32U595RIT6Q, STM32U595RJT6, STM32U595RJT6Q, STM32U595VIT6, STM32U595VIT6Q, STM32U595VJT6, STM32U595VJT6Q, STM32U595ZIT6, STM32U595ZIT6Q, STM32U595ZIY6QTR, STM32U595ZJT6, STM32U595ZJT6Q, STM32U595ZJY6QTR, STM32U599BJY6QTR, STM32U599NIH6Q, STM32U599NJH6Q, STM32U599VIT6Q, STM32U599VJT6, STM32U599VJT6Q, STM32U599ZIT6Q, STM32U599ZIY6QTR, STM32U599ZJT6Q, STM32U599ZJY6QTR, STM32U5A5AJH6, STM32U5A5AJH6Q, STM32U5A5QJI6, STM32U5A5QJI6Q, STM32U5A5RJT6, STM32U5A5RJT6Q, STM32U5A5VJT6, STM32U5A5VJT6Q, STM32U5A5ZJT6, STM32U5A5ZJT6Q, STM32U5A5ZJY6QTR, STM32U5A9BJY6QTR, STM32U5A9J-DK, STM32U5A9NJH6Q, STM32U5A9VJT6Q, STM32U5A9ZJT6Q, STM32U5A9ZJY6QTR, STM32WB1MMCH6, STM32WBA52CEU6, STM32WBA52CEU6T, STM32WBA52CGU6, STM32WBA52CGU6T, STM32WL5MOCH6, STM32WL5MOCH6TR]
2023-06-09 12:11:37,319 [INFO] DbMcus:216 - Found 3775 MCUs, 3775 are supported
2023-06-09 12:11:37,320 [INFO] ApiDb:414 - User favorites file not found: C:\Users\HP/.stm32cubeide/favorites.mcus.txt
2023-06-09 12:11:37,320 [INFO] DbMcus:222 - Set 0 / 0 favorites MCUs
2023-06-09 12:11:37,521 [INFO] ApiDb:668 - CubeFinder database Data Model version=2.1
2023-06-09 12:11:37,522 [INFO] ApiDb:669 - CubeFinder database Configuration version=3.0.35
2023-06-09 12:11:37,522 [INFO] ApiDb:670 - CubeFinder database generation date=2023-05-12 (1683877179)
2023-06-09 12:11:37,522 [INFO] ApiDb:671 - CubeFinder database FW Pack versions=[FP-ATR-ASTRA1_V2.0.0, FP-SNS-FLIGHT1_V5.0.0, FP-SNS-MOTENV1_V4.3.0, STM32Cube_FW_C0_V1.0.1, STM32Cube_FW_F0_V1.11.4, STM32Cube_FW_F3_V1.11.4, STM32Cube_FW_F4_V1.27.1, STM32Cube_FW_F7_V1.17.0, STM32Cube_FW_G0_V1.6.1, STM32Cube_FW_G4_V1.5.1, STM32Cube_FW_H5_V0.5.1, STM32Cube_FW_H5_V1.0.0, STM32Cube_FW_H7_V1.11.0, STM32Cube_FW_L0_V1.12.2, STM32Cube_FW_L5_V1.5.0, STM32Cube_FW_U5_V1.2.0, STM32Cube_FW_WBA_V1.0.0, STM32Cube_FW_WBA_V1.0.0RC1, STM32Cube_FW_WBA_V1.0.0RC3, STM32Cube_FW_WB_V1.15.0RC1, STM32Cube_FW_WB_V1.16.0, STM32Cube_FW_WB_V1.16.0RC2, STM32Cube_FW_WL_V1.3.0, X-CUBE-ALGOBUILD_V1.3.0, X-CUBE-ALS_V1.0.1, X-CUBE-AZRTOS-F4_V1.1.0, X-CUBE-AZRTOS-F7_V1.1.0, X-CUBE-AZRTOS-G0_V1.1.0, X-CUBE-AZRTOS-G4_V2.0.0, X-CUBE-AZRTOS-H7_V3.1.0, X-CUBE-AZRTOS-L4_V1.0.0, X-CUBE-AZRTOS-L5_V1.1.0, X-CUBE-AZRTOS-WB_V1.1.0, X-CUBE-AZRTOS-WL_V1.0.0, X-CUBE-BLE1_V6.2.4, X-CUBE-BLE2_V3.3.0, X-CUBE-BLEMGR_V2.0.0, X-CUBE-EEPRMA1_V4.1.0, X-CUBE-FREERTOS_V1.0.1, X-CUBE-GNSS1_V6.0.0, X-CUBE-MEMS1_V9.1.0, X-CUBE-MEMS1_V9.4.0, X-CUBE-MEMS1_V9.6.0, X-CUBE-NFC4_V3.0.0, X-CUBE-NFC7_V1.0.0, X-CUBE-SFXS2LP1_V4.0.0, X-CUBE-SUBG2_V5.0.0]
2023-06-09 12:11:37,570 [INFO] DbBoardsSqlite:226 - include board P-NUCLEO-WB55-NUCLEO as a kit item of type 'Nucleo-64'
2023-06-09 12:11:37,570 [INFO] DbBoardsSqlite:226 - include board P-NUCLEO-WB55-USBDONGLE as a kit item of type 'Nucleo USB Dongle'
2023-06-09 12:11:37,570 [INFO] DbBoardsSqlite:226 - include board STEVAL-IDP005V1 as a kit item of type 'Evaluation Board'
2023-06-09 12:11:37,570 [INFO] DbBoardsSqlite:226 - include board STEVAL-IDP005V2 as a kit item of type 'Evaluation Board'
2023-06-09 12:11:37,616 [INFO] ApiDb:240 - Found 297 in-development CPN: [B-G473E-ZEST1S, B-WB1M-WPAN1, B-WL5M-SUBG1, NUCLEO-C031C6, NUCLEO-H503RB, NUCLEO-H563ZI, NUCLEO-U545RE-Q, NUCLEO-U5A5ZJ-Q, NUCLEO-WBA52CG, STEVAL-PROTEUS1, STEVAL-STWINBX1, STM320518-EVAL, STM32C0116-DK, STM32C011D6Y3TR, STM32C011D6Y6TR, STM32C011F4P3, STM32C011F4P6, STM32C011F4U3, STM32C011F4U6TR, STM32C011F6P3, STM32C011F6P6, STM32C011F6U3, STM32C011F6U6TR, STM32C011J4M3, STM32C011J4M6, STM32C011J6M3, STM32C011J6M6, STM32C0316-DK, STM32C031C4T3, STM32C031C4T6, STM32C031C4U3, STM32C031C4U6, STM32C031C6T3, STM32C031C6T6, STM32C031C6U3, STM32C031C6U6, STM32C031F4P3, STM32C031F4P6, STM32C031F6P3, STM32C031F6P6, STM32C031G4U3, STM32C031G4U6, STM32C031G6U3, STM32C031G6U6, STM32C031K4T3, STM32C031K4T6, STM32C031K4U3, STM32C031K4U6, STM32C031K6T3, STM32C031K6T6, STM32C031K6U3, STM32C031K6U6, STM32G071K8TXN, STM32G071K8UXN, STM32G081GBU6N, STM32G081KBT6N, STM32G081KBUXN, STM32G0B1CCT6N, STM32G0B1KCT6, STM32G0B1NEY6TR, STM32G0B1RCT6N, STM32G0C1CCT6, STM32G0C1CCT6N, STM32G0C1CCU6N, STM32G0C1CET6N, STM32G0C1CEU6N, STM32G0C1KCT6, STM32G0C1NEY6TR, STM32G0C1RCI6N, STM32G0C1RCT6N, STM32G0C1REI6N, STM32G0C1RET6N, STM32G0C1VCI6, STM32G0C1VEI6, STM32G471CCT6, STM32G471CCU6, STM32G471CET3, STM32G471CET6, STM32G471CEU3, STM32G471CEU6, STM32G471MCT6, STM32G471MET3, STM32G471MET6, STM32G471MEY6TR, STM32G471QCT6, STM32G471QET3, STM32G471RCT6, STM32G471RET3, STM32G471RET6, STM32G471VCH6, STM32G471VCI6, STM32G471VCT6, STM32G471VEH3, STM32G471VEH6, STM32G471VEI3, STM32G471VEI6, STM32G471VET3, STM32G471VET6, STM32G474CCT6, STM32H503CBT6, STM32H503CBU6, STM32H503EBY6TR, STM32H503KBU6, STM32H503RBT6, STM32H562AGI6, STM32H562AII6, STM32H562IGK6, STM32H562IGT6, STM32H562IIK6, STM32H562IIT6, STM32H562RGT6, STM32H562RGV6, STM32H562RIT6, STM32H562RIV6, STM32H562VGT6, STM32H562VIT6, STM32H562ZGT6, STM32H562ZIT6, STM32H563AGI6, STM32H563AII3Q, STM32H563AII6, STM32H563IGK6, STM32H563IGT6, STM32H563IIK3Q, STM32H563IIK6, STM32H563IIT3Q, STM32H563IIT6, STM32H563MIY3QTR, STM32H563RGT6, STM32H563RGV6, STM32H563RIT6, STM32H563RIV6, STM32H563VGT6, STM32H563VIT3Q, STM32H563VIT6, STM32H563ZGT6, STM32H563ZIT3Q, STM32H563ZIT6, STM32H573AII3Q, STM32H573AII6, STM32H573I-DK, STM32H573IIK3Q, STM32H573IIK6, STM32H573IIT3Q, STM32H573IIT6, STM32H573MIY3QTR, STM32H573RIT6, STM32H573RIV6, STM32H573VIT3Q, STM32H573VIT6, STM32H573ZIT3Q, STM32H573ZIT6, STM32L4R5QGI6STR, STM32MP131AAE3, STM32MP131AAF3, STM32MP131AAG3, STM32MP131CAE3, STM32MP131CAF3, STM32MP131CAG3, STM32MP131DAE7, STM32MP131DAF7, STM32MP131DAG7, STM32MP131FAE7, STM32MP131FAF7, STM32MP131FAG7, STM32MP133AAE3, STM32MP133AAF3, STM32MP133AAG3, STM32MP133CAE3, STM32MP133CAF3, STM32MP133CAG3, STM32MP133DAE7, STM32MP133DAF7, STM32MP133DAG7, STM32MP133FAE7, STM32MP133FAF7, STM32MP133FAG7, STM32MP135AAE3, STM32MP135AAF3, STM32MP135AAG3, STM32MP135CAE3, STM32MP135CAF3, STM32MP135CAG3, STM32MP135DAE7, STM32MP135DAF7, STM32MP135DAG7, STM32MP135F-DK, STM32MP135FAE7, STM32MP135FAF7, STM32MP135FAF7T, STM32MP135FAF7U, STM32MP135FAG7, STM32U535CBT6, STM32U535CBT6Q, STM32U535CBU6, STM32U535CBU6Q, STM32U535CCT6, STM32U535CCT6Q, STM32U535CCU6, STM32U535CCU6Q, STM32U535CET6, STM32U535CET6Q, STM32U535CEU6, STM32U535CEU6Q, STM32U535JEY6QTR, STM32U535NCY6QTR, STM32U535NEY6QTR, STM32U535RBI6, STM32U535RBI6Q, STM32U535RBT6, STM32U535RBT6Q, STM32U535RCI6, STM32U535RCI6Q, STM32U535RCT6, STM32U535RCT6Q, STM32U535REI6, STM32U535REI6Q, STM32U535RET6, STM32U535RET6Q, STM32U535VCI6, STM32U535VCI6Q, STM32U535VCT6, STM32U535VCT6Q, STM32U535VEI6, STM32U535VEI6Q, STM32U535VET6, STM32U535VET6Q, STM32U545CET6, STM32U545CET6Q, STM32U545CEU6, STM32U545CEU6Q, STM32U545JEY6QTR, STM32U545NEY6QTR, STM32U545REI6, STM32U545REI6Q, STM32U545RET6, STM32U545RET6Q, STM32U545VEI6, STM32U545VEI6Q, STM32U545VET6, STM32U545VET6Q, STM32U595AIH6, STM32U595AIH6Q, STM32U595AJH6, STM32U595AJH6Q, STM32U595QII6, STM32U595QII6Q, STM32U595QJI6, STM32U595QJI6Q, STM32U595RIT6, STM32U595RIT6Q, STM32U595RJT6, STM32U595RJT6Q, STM32U595VIT6, STM32U595VIT6Q, STM32U595VJT6, STM32U595VJT6Q, STM32U595ZIT6, STM32U595ZIT6Q, STM32U595ZIY6QTR, STM32U595ZJT6, STM32U595ZJT6Q, STM32U595ZJY6QTR, STM32U599BJY6QTR, STM32U599NIH6Q, STM32U599NJH6Q, STM32U599VIT6Q, STM32U599VJT6, STM32U599VJT6Q, STM32U599ZIT6Q, STM32U599ZIY6QTR, STM32U599ZJT6Q, STM32U599ZJY6QTR, STM32U5A5AJH6, STM32U5A5AJH6Q, STM32U5A5QJI6, STM32U5A5QJI6Q, STM32U5A5RJT6, STM32U5A5RJT6Q, STM32U5A5VJT6, STM32U5A5VJT6Q, STM32U5A5ZJT6, STM32U5A5ZJT6Q, STM32U5A5ZJY6QTR, STM32U5A9BJY6QTR, STM32U5A9J-DK, STM32U5A9NJH6Q, STM32U5A9VJT6Q, STM32U5A9ZJT6Q, STM32U5A9ZJY6QTR, STM32WB1MMCH6, STM32WBA52CEU6, STM32WBA52CEU6T, STM32WBA52CGU6, STM32WBA52CGU6T, STM32WL5MOCH6, STM32WL5MOCH6TR]
2023-06-09 12:11:37,729 [INFO] BoardInfo:880 - No configuration file found for board P-NUCLEO-WB55
2023-06-09 12:11:37,729 [INFO] DbBoards:157 - Kit is not supported: P-NUCLEO-WB55
2023-06-09 12:11:37,733 [INFO] BoardInfo:880 - No configuration file found for board STEVAL-BFA001V1B
2023-06-09 12:11:37,733 [INFO] DbBoards:157 - Kit is not supported: STEVAL-BFA001V1B
2023-06-09 12:11:37,734 [INFO] BoardInfo:880 - No configuration file found for board STEVAL-BFA001V2B
2023-06-09 12:11:37,734 [INFO] DbBoards:157 - Kit is not supported: STEVAL-BFA001V2B
2023-06-09 12:11:37,830 [INFO] DbBoards:161 - Found 187 boards, 184 are supported
2023-06-09 12:11:37,832 [INFO] ApiDb:414 - User favorites file not found: C:\Users\HP/.stm32cubeide/favorites.boards.txt
2023-06-09 12:11:37,833 [INFO] DbBoards:190 - Set 0 / 0 favorites Boards
2023-06-09 12:11:37,836 [INFO] ApiDb:668 - CubeFinder database Data Model version=2.1
2023-06-09 12:11:37,837 [INFO] ApiDb:669 - CubeFinder database Configuration version=3.0.35
2023-06-09 12:11:37,837 [INFO] ApiDb:670 - CubeFinder database generation date=2023-05-12 (1683877179)
2023-06-09 12:11:37,837 [INFO] ApiDb:671 - CubeFinder database FW Pack versions=[FP-ATR-ASTRA1_V2.0.0, FP-SNS-FLIGHT1_V5.0.0, FP-SNS-MOTENV1_V4.3.0, STM32Cube_FW_C0_V1.0.1, STM32Cube_FW_F0_V1.11.4, STM32Cube_FW_F3_V1.11.4, STM32Cube_FW_F4_V1.27.1, STM32Cube_FW_F7_V1.17.0, STM32Cube_FW_G0_V1.6.1, STM32Cube_FW_G4_V1.5.1, STM32Cube_FW_H5_V0.5.1, STM32Cube_FW_H5_V1.0.0, STM32Cube_FW_H7_V1.11.0, STM32Cube_FW_L0_V1.12.2, STM32Cube_FW_L5_V1.5.0, STM32Cube_FW_U5_V1.2.0, STM32Cube_FW_WBA_V1.0.0, STM32Cube_FW_WBA_V1.0.0RC1, STM32Cube_FW_WBA_V1.0.0RC3, STM32Cube_FW_WB_V1.15.0RC1, STM32Cube_FW_WB_V1.16.0, STM32Cube_FW_WB_V1.16.0RC2, STM32Cube_FW_WL_V1.3.0, X-CUBE-ALGOBUILD_V1.3.0, X-CUBE-ALS_V1.0.1, X-CUBE-AZRTOS-F4_V1.1.0, X-CUBE-AZRTOS-F7_V1.1.0, X-CUBE-AZRTOS-G0_V1.1.0, X-CUBE-AZRTOS-G4_V2.0.0, X-CUBE-AZRTOS-H7_V3.1.0, X-CUBE-AZRTOS-L4_V1.0.0, X-CUBE-AZRTOS-L5_V1.1.0, X-CUBE-AZRTOS-WB_V1.1.0, X-CUBE-AZRTOS-WL_V1.0.0, X-CUBE-BLE1_V6.2.4, X-CUBE-BLE2_V3.3.0, X-CUBE-BLEMGR_V2.0.0, X-CUBE-EEPRMA1_V4.1.0, X-CUBE-FREERTOS_V1.0.1, X-CUBE-GNSS1_V6.0.0, X-CUBE-MEMS1_V9.1.0, X-CUBE-MEMS1_V9.4.0, X-CUBE-MEMS1_V9.6.0, X-CUBE-NFC4_V3.0.0, X-CUBE-NFC7_V1.0.0, X-CUBE-SFXS2LP1_V4.0.0, X-CUBE-SUBG2_V5.0.0]
2023-06-09 12:11:38,481 [INFO] DbExamplesSqlite:376 - Ignored 45 examples not supported by CubeIDE
2023-06-09 12:11:38,481 [INFO] DbExamplesSqlite:377 - Found 7342 examples active
2023-06-09 12:11:38,481 [INFO] DbExamplesSqlite:378 - Found 1107 examples obsolete
2023-06-09 12:11:38,482 [INFO] DbExamplesSqlite:379 - Found 0 examples under development
2023-06-09 12:11:38,482 [INFO] DbExamplesSqlite:380 - Found 77 examples not building
2023-06-09 12:11:38,485 [INFO] DbExamples:125 - Found 7374 examples
2023-06-09 12:11:38,497 [INFO] DbExamples:222 - Found 92 boards with related examples
2023-06-09 12:11:38,498 [INFO] DbExamples:235 - Found 78 MCUs with related examples
2023-06-09 12:11:38,518 [INFO] ApiDb:414 - User favorites file not found: C:\Users\HP/.stm32cubeide/favorites.examples.txt
2023-06-09 12:11:38,519 [INFO] DbExamples:250 - Set 0 / 0 favorites Examples
2023-06-09 12:11:38,820 [INFO] McuFinderGlobals:66 - Set McuFinderConnectedMode to true
2023-06-09 12:11:38,831 [INFO] MultiScanPanel:200 - Auto-refresh data requested => check proxy status ongoing
2023-06-09 12:11:38,835 [INFO] FinderPluginLoader:95 - Searching for filters in installed packs
2023-06-09 12:11:40,203 [INFO] LoadUrlFilesThread:185 - End of LoadServerUrlFiles without Thread
2023-06-09 12:11:40,287 [INFO] DetailPanel:341 - Set advertising image to C:/Users/HP/STM32Cube/Repository/\en.prom-stm32h5-mcu-finder.jpg
2023-06-09 12:13:30,393 [INFO] MultiScanPanel:200 - Auto-refresh data requested => check proxy status ongoing
2023-06-09 12:13:30,529 [INFO] LoadUrlFilesThread:185 - End of LoadServerUrlFiles without Thread
2023-06-09 12:13:30,529 [INFO] DetailPanel:341 - Set advertising image to C:/Users/HP/STM32Cube/Repository/\en.prom-stm32h5-mcu-finder.jpg
2023-06-09 12:19:25,775 [INFO] McuFinderGlobals:66 - Set McuFinderConnectedMode to true
2023-06-09 12:19:26,014 [INFO] ApiDb:448 - Save user favorites file C:\Users\HP/.stm32cubeide/favorites.mcus.txt: 0 item(s)
2023-06-09 12:19:26,014 [INFO] ApiDb:452 - User favorites MCUs=[]
2023-06-09 12:19:26,014 [INFO] ApiDb:448 - Save user favorites file C:\Users\HP/.stm32cubeide/favorites.boards.txt: 0 item(s)
2023-06-09 12:19:26,014 [INFO] ApiDb:452 - User favorites Boards=[]
2023-06-09 12:19:27,940 [INFO] MainUpdater:2854 - connection check result : 10
2023-06-09 12:19:28,035 [INFO] McuFinderGlobals:66 - Set McuFinderConnectedMode to true
2023-06-09 12:19:28,036 [INFO] MultiScanPanel:200 - Auto-refresh data requested => check proxy status ongoing
2023-06-09 12:19:28,037 [INFO] FinderPluginLoader:95 - Searching for filters in installed packs
2023-06-09 12:19:28,460 [INFO] LoadUrlFilesThread:185 - End of LoadServerUrlFiles without Thread
2023-06-09 12:19:28,475 [INFO] DetailPanel:341 - Set advertising image to C:/Users/HP/STM32Cube/Repository/\en.prom-stm32h5-mcu-finder.jpg
2023-06-09 12:19:34,851 [INFO] ApiDb:581 - Connected to CubeFinder SQLite database (C:\Users\HP\.stmcufinder\plugins\mcufinder\mcu\cube-finder-db.db)
2023-06-09 12:19:49,159 [INFO] CrossSelectorPresenter:1358 - Cross Selector saved comparison directory: C:\Users\HP\.stmcufinder\plugins\mcufinder\mcu\cs_comparisons_mx
2023-06-09 12:19:49,194 [INFO] CrossReferenceDbSqlite:245 - SQLite db open (C:\Users\HP\.stmcufinder\plugins\mcufinder\mcu\cs\crdb.db)
2023-06-09 12:19:50,544 [INFO] MultiScanPanel:200 - Auto-refresh data requested => check proxy status ongoing
2023-06-09 12:19:50,586 [INFO] LoadUrlFilesThread:185 - End of LoadServerUrlFiles without Thread
2023-06-09 12:19:50,586 [INFO] DetailPanel:341 - Set advertising image to C:/Users/HP/STM32Cube/Repository/\en.prom-stm32h5-mcu-finder.jpg
2023-06-09 12:19:50,602 [INFO] MultiScanPanel:200 - Auto-refresh data requested => check proxy status ongoing
2023-06-09 12:19:50,665 [INFO] ApiDb:668 - CubeFinder database Data Model version=2.1
2023-06-09 12:19:50,665 [INFO] ApiDb:669 - CubeFinder database Configuration version=3.0.35
2023-06-09 12:19:50,665 [INFO] ApiDb:670 - CubeFinder database generation date=2023-05-12 (1683877179)
2023-06-09 12:19:50,665 [INFO] ApiDb:671 - CubeFinder database FW Pack versions=[FP-ATR-ASTRA1_V2.0.0, FP-SNS-FLIGHT1_V5.0.0, FP-SNS-MOTENV1_V4.3.0, STM32Cube_FW_C0_V1.0.1, STM32Cube_FW_F0_V1.11.4, STM32Cube_FW_F3_V1.11.4, STM32Cube_FW_F4_V1.27.1, STM32Cube_FW_F7_V1.17.0, STM32Cube_FW_G0_V1.6.1, STM32Cube_FW_G4_V1.5.1, STM32Cube_FW_H5_V0.5.1, STM32Cube_FW_H5_V1.0.0, STM32Cube_FW_H7_V1.11.0, STM32Cube_FW_L0_V1.12.2, STM32Cube_FW_L5_V1.5.0, STM32Cube_FW_U5_V1.2.0, STM32Cube_FW_WBA_V1.0.0, STM32Cube_FW_WBA_V1.0.0RC1, STM32Cube_FW_WBA_V1.0.0RC3, STM32Cube_FW_WB_V1.15.0RC1, STM32Cube_FW_WB_V1.16.0, STM32Cube_FW_WB_V1.16.0RC2, STM32Cube_FW_WL_V1.3.0, X-CUBE-ALGOBUILD_V1.3.0, X-CUBE-ALS_V1.0.1, X-CUBE-AZRTOS-F4_V1.1.0, X-CUBE-AZRTOS-F7_V1.1.0, X-CUBE-AZRTOS-G0_V1.1.0, X-CUBE-AZRTOS-G4_V2.0.0, X-CUBE-AZRTOS-H7_V3.1.0, X-CUBE-AZRTOS-L4_V1.0.0, X-CUBE-AZRTOS-L5_V1.1.0, X-CUBE-AZRTOS-WB_V1.1.0, X-CUBE-AZRTOS-WL_V1.0.0, X-CUBE-BLE1_V6.2.4, X-CUBE-BLE2_V3.3.0, X-CUBE-BLEMGR_V2.0.0, X-CUBE-EEPRMA1_V4.1.0, X-CUBE-FREERTOS_V1.0.1, X-CUBE-GNSS1_V6.0.0, X-CUBE-MEMS1_V9.1.0, X-CUBE-MEMS1_V9.4.0, X-CUBE-MEMS1_V9.6.0, X-CUBE-NFC4_V3.0.0, X-CUBE-NFC7_V1.0.0, X-CUBE-SFXS2LP1_V4.0.0, X-CUBE-SUBG2_V5.0.0]
2023-06-09 12:19:51,248 [INFO] DbExamplesSqlite:376 - Ignored 45 examples not supported by CubeIDE
2023-06-09 12:19:51,248 [INFO] DbExamplesSqlite:377 - Found 7342 examples active
2023-06-09 12:19:51,248 [INFO] DbExamplesSqlite:378 - Found 1107 examples obsolete
2023-06-09 12:19:51,248 [INFO] DbExamplesSqlite:379 - Found 0 examples under development
2023-06-09 12:19:51,248 [INFO] DbExamplesSqlite:380 - Found 77 examples not building
2023-06-09 12:19:51,248 [INFO] DbExamples:125 - Found 7374 examples
2023-06-09 12:19:51,264 [INFO] DbExamples:222 - Found 92 boards with related examples
2023-06-09 12:19:51,264 [INFO] DbExamples:235 - Found 78 MCUs with related examples
2023-06-09 12:19:51,279 [INFO] ApiDb:414 - User favorites file not found: C:\Users\HP/.stm32cubeide/favorites.examples.txt
2023-06-09 12:19:51,279 [INFO] DbExamples:250 - Set 0 / 0 favorites Examples
2023-06-09 12:19:51,302 [INFO] SoftwarePacks:127 - Download is needed for SW pack 'FP-ATR-ASTRA1_V2.0.0'
2023-06-09 12:19:51,312 [INFO] SoftwarePacks:127 - Download is needed for SW pack 'STM32Cube_FW_C0_V1.0.1'
2023-06-09 12:19:51,314 [INFO] SoftwarePacks:127 - Download is needed for SW pack 'STM32Cube_FW_F4_V1.27.1'
2023-06-09 12:19:51,315 [INFO] SoftwarePacks:127 - Download is needed for SW pack 'STM32Cube_FW_F7_V1.17.0'
2023-06-09 12:19:51,315 [INFO] SoftwarePacks:127 - Download is needed for SW pack 'STM32Cube_FW_G0_V1.6.1'
2023-06-09 12:19:51,317 [INFO] SoftwarePacks:127 - Download is needed for SW pack 'STM32Cube_FW_G4_V1.5.1'
2023-06-09 12:19:51,317 [INFO] SoftwarePacks:127 - Download is needed for SW pack 'STM32Cube_FW_H5_V1.0.0'
2023-06-09 12:19:51,317 [INFO] SoftwarePacks:127 - Download is needed for SW pack 'STM32Cube_FW_H7_V1.11.0'
2023-06-09 12:19:51,317 [INFO] SoftwarePacks:127 - Download is needed for SW pack 'STM32Cube_FW_L0_V1.12.2'
2023-06-09 12:19:51,324 [INFO] SoftwarePacks:127 - Download is needed for SW pack 'STM32Cube_FW_L5_V1.5.0'
2023-06-09 12:19:51,326 [INFO] SoftwarePacks:127 - Download is needed for SW pack 'STM32Cube_FW_U5_V1.2.0'
2023-06-09 12:19:51,327 [INFO] SoftwarePacks:127 - Download is needed for SW pack 'STM32Cube_FW_WBA_V1.0.0'
2023-06-09 12:19:51,327 [INFO] SoftwarePacks:127 - Download is needed for SW pack 'STM32Cube_FW_WB_V1.16.0'
2023-06-09 12:19:51,327 [INFO] SoftwarePacks:127 - Download is needed for SW pack 'STM32Cube_FW_WL_V1.3.0'
2023-06-09 12:19:51,327 [INFO] SoftwarePacks:127 - Download is needed for SW pack 'X-CUBE-ALGOBUILD_V1.3.0'
2023-06-09 12:19:51,327 [INFO] SoftwarePacks:127 - Download is needed for SW pack 'X-CUBE-ALS_V1.0.1'
2023-06-09 12:19:51,327 [INFO] SoftwarePacks:127 - Download is needed for SW pack 'X-CUBE-AZRTOS-F4_V1.1.0'
2023-06-09 12:19:51,327 [INFO] SoftwarePacks:127 - Download is needed for SW pack 'X-CUBE-AZRTOS-F7_V1.1.0'
2023-06-09 12:19:51,327 [INFO] SoftwarePacks:127 - Download is needed for SW pack 'X-CUBE-AZRTOS-G0_V1.1.0'
2023-06-09 12:19:51,327 [INFO] SoftwarePacks:127 - Download is needed for SW pack 'X-CUBE-AZRTOS-G4_V2.0.0'
2023-06-09 12:19:51,327 [INFO] SoftwarePacks:127 - Download is needed for SW pack 'X-CUBE-AZRTOS-H7_V3.1.0'
2023-06-09 12:19:51,327 [INFO] SoftwarePacks:127 - Download is needed for SW pack 'X-CUBE-AZRTOS-L4_V1.0.0'
2023-06-09 12:19:51,327 [INFO] SoftwarePacks:127 - Download is needed for SW pack 'X-CUBE-AZRTOS-L5_V1.1.0'
2023-06-09 12:19:51,327 [INFO] SoftwarePacks:127 - Download is needed for SW pack 'X-CUBE-AZRTOS-WB_V1.1.0'
2023-06-09 12:19:51,333 [INFO] SoftwarePacks:127 - Download is needed for SW pack 'X-CUBE-AZRTOS-WL_V1.0.0'
2023-06-09 12:19:51,333 [INFO] SoftwarePacks:127 - Download is needed for SW pack 'X-CUBE-BLE1_V6.2.4'
2023-06-09 12:19:51,333 [INFO] SoftwarePacks:127 - Download is needed for SW pack 'X-CUBE-BLE2_V3.3.0'
2023-06-09 12:19:51,333 [INFO] SoftwarePacks:127 - Download is needed for SW pack 'X-CUBE-BLEMGR_V2.0.0'
2023-06-09 12:19:51,333 [INFO] SoftwarePacks:127 - Download is needed for SW pack 'X-CUBE-EEPRMA1_V4.1.0'
2023-06-09 12:19:51,333 [INFO] SoftwarePacks:127 - Download is needed for SW pack 'X-CUBE-FREERTOS_V1.0.1'
2023-06-09 12:19:51,333 [INFO] SoftwarePacks:127 - Download is needed for SW pack 'X-CUBE-GNSS1_V6.0.0'
2023-06-09 12:19:51,333 [INFO] SoftwarePacks:127 - Download is needed for SW pack 'X-CUBE-MEMS1_V9.6.0'
2023-06-09 12:19:51,333 [INFO] SoftwarePacks:127 - Download is needed for SW pack 'X-CUBE-NFC4_V3.0.0'
2023-06-09 12:19:51,333 [INFO] SoftwarePacks:127 - Download is needed for SW pack 'X-CUBE-NFC7_V1.0.0'
2023-06-09 12:19:51,333 [INFO] SoftwarePacks:127 - Download is needed for SW pack 'X-CUBE-SFXS2LP1_V4.0.0'
2023-06-09 12:19:51,333 [INFO] SoftwarePacks:127 - Download is needed for SW pack 'X-CUBE-SUBG2_V5.0.0'
2023-06-09 12:19:52,188 [INFO] LoadUrlFilesThread:185 - End of LoadServerUrlFiles without Thread
2023-06-09 12:19:52,188 [INFO] DetailPanel:341 - Set advertising image to C:/Users/HP/STM32Cube/Repository/\en.prom-stm32h5-mcu-finder.jpg
2023-06-09 12:21:36,677 [INFO] McuFinderGlobals:66 - Set McuFinderConnectedMode to true
2023-06-09 12:21:36,845 [INFO] ApiDb:448 - Save user favorites file C:\Users\HP/.stm32cubeide/favorites.mcus.txt: 0 item(s)
2023-06-09 12:21:36,845 [INFO] ApiDb:452 - User favorites MCUs=[]
2023-06-09 12:21:36,847 [INFO] ApiDb:448 - Save user favorites file C:\Users\HP/.stm32cubeide/favorites.boards.txt: 0 item(s)
2023-06-09 12:21:36,847 [INFO] ApiDb:452 - User favorites Boards=[]
2023-06-09 12:21:36,849 [INFO] ApiDb:448 - Save user favorites file C:\Users\HP/.stm32cubeide/favorites.examples.txt: 0 item(s)
2023-06-09 12:21:36,849 [INFO] ApiDb:452 - User favorites Examples=[]
2023-06-09 12:22:13,667 [INFO] MainUpdater:2854 - connection check result : 10
2023-06-09 12:22:13,745 [INFO] McuFinderGlobals:66 - Set McuFinderConnectedMode to true
2023-06-09 12:22:13,746 [INFO] MultiScanPanel:200 - Auto-refresh data requested => check proxy status ongoing
2023-06-09 12:22:13,747 [INFO] FinderPluginLoader:95 - Searching for filters in installed packs
2023-06-09 12:22:14,258 [INFO] LoadUrlFilesThread:185 - End of LoadServerUrlFiles without Thread
2023-06-09 12:22:14,259 [INFO] DetailPanel:341 - Set advertising image to C:/Users/HP/STM32Cube/Repository/\en.prom-stm32h5-mcu-finder.jpg
2023-06-09 12:22:17,553 [INFO] ApiDb:581 - Connected to CubeFinder SQLite database (C:\Users\HP\.stmcufinder\plugins\mcufinder\mcu\cube-finder-db.db)
2023-06-09 12:22:23,394 [INFO] ServerAccessManage:473 - Download File 
2023-06-09 12:22:23,438 [INFO] LoadUrlFilesThread:185 - End of LoadServerUrlFiles without Thread
2023-06-09 12:22:23,462 [INFO] McuAction:171 - Block Diagram
2023-06-09 12:22:24,049 [INFO] McuAction:76 - Docs & Resources
2023-06-09 12:22:24,612 [INFO] McuAction:196 - https://www.st.com/content/ccc/fragment/product_related/rpn_information/product_circuit_diagram/group3/2d/ce/27/62/56/9c/41/37/bd-stm32c0x1-32k/files/bd-stm32c0x1-32k.jpg/jcr:content/translations/en.bd-stm32c0x1-32k.jpg
2023-06-09 12:22:24,613 [INFO] McuDetailPanel:490 - Internet connection configuration mode: 1
2023-06-09 12:22:24,638 [INFO] JxBrowserEngine:115 - Initiate JxBrowser Engine with user profile folder
2023-06-09 12:22:28,486 [INFO] WebAppUi:272 - Instantiating new browser for Project
2023-06-09 12:22:29,111 [INFO] WebAppUi:1170 - Register for checkConnection events
2023-06-09 12:22:29,111 [INFO] WebAppUi:1205 - Apply proxy settings
2023-06-09 12:22:29,113 [INFO] WebAppUi:1243 - Chromium requires no authentication
2023-06-09 12:22:29,125 [INFO] WebAppUi:1229 - Direct internet connection detected
2023-06-09 12:22:29,315 [INFO] WebAppUi:297 - Starting web application
2023-06-09 12:22:29,315 [INFO] WebAppUi:1101 - Web application path used C:\ST\STM32CubeIDE_1.12.1\STM32CubeIDE\plugins\com.st.stm32cube.common.mx_6.8.1.202304191431\db\plugins\mcufinder\reactClient\index.html
2023-06-09 12:22:29,384 [INFO] WebAppUi:870 - Path where api_config.json is located C:\Users\HP\.stmcufinder\plugins\mcufinder//mcu/api_config.json
2023-06-09 12:22:29,384 [INFO] WebAppUi:871 - Setting api config in window object
2023-06-09 12:22:29,424 [WARN] WebAppUi:908 - Cannot access cad_preferences.json
2023-06-09 12:22:29,424 [WARN] WebAppUi:911 - Fallback to default consent
2023-06-09 12:22:29,426 [INFO] WebAppUi:879 - Path where cad_preferences.json is located C:\Users\HP/.stm32cubeide/
2023-06-09 12:22:29,426 [INFO] WebAppUi:880 - Setting consent info in window object
2023-06-09 12:22:29,820 [INFO] WebAppUi:775 - Allow Downloads
2023-06-09 12:22:29,820 [INFO] WebAppUi:272 - Instantiating new browser for Finder
2023-06-09 12:22:29,985 [INFO] WebAppUi:1170 - Register for checkConnection events
2023-06-09 12:22:29,985 [INFO] WebAppUi:1205 - Apply proxy settings
2023-06-09 12:22:29,985 [INFO] WebAppUi:1243 - Chromium requires no authentication
2023-06-09 12:22:29,986 [INFO] WebAppUi:1229 - Direct internet connection detected
2023-06-09 12:22:29,990 [INFO] WebAppUi:297 - Starting web application
2023-06-09 12:22:29,992 [INFO] WebAppUi:1101 - Web application path used C:\ST\STM32CubeIDE_1.12.1\STM32CubeIDE\plugins\com.st.stm32cube.common.mx_6.8.1.202304191431\db\plugins\mcufinder\reactClient\index.html
2023-06-09 12:22:30,002 [INFO] WebAppUi:870 - Path where api_config.json is located C:\Users\HP\.stmcufinder\plugins\mcufinder//mcu/api_config.json
2023-06-09 12:22:30,002 [INFO] WebAppUi:871 - Setting api config in window object
2023-06-09 12:22:30,033 [INFO] WebAppUi:1035 - Web application message: [UlApiManager component] Connecting to SSO
2023-06-09 12:22:30,037 [INFO] WebAppUi:879 - Path where cad_preferences.json is located C:\Users\HP/.stm32cubeide/
2023-06-09 12:22:30,037 [INFO] WebAppUi:880 - Setting consent info in window object
2023-06-09 12:22:30,440 [INFO] WebAppUi:775 - Allow Downloads
2023-06-09 12:22:30,441 [INFO] WebAppUi:596 - RPN selected STM32C011F6
2023-06-09 12:22:30,441 [INFO] WebAppUi:597 - RefName selected STM32C011F6Px
2023-06-09 12:22:30,441 [INFO] WebAppUi:598 - CPN selected STM32C011F6P3
2023-06-09 12:22:30,445 [INFO] WebAppUi:761 - Which Bigleton in use 1 and which CPN is about STM32C011F6P3
2023-06-09 12:22:30,446 [INFO] WebAppUi:635 - Have injected Javascript into web application
2023-06-09 12:22:30,447 [INFO] WebAppUiContainer:149 - Web application run mode: Finder CPN: STM32C011F6P3
2023-06-09 12:22:30,449 [INFO] McuAction:200 - CAD Resources
2023-06-09 12:22:30,607 [INFO] WebAppUi:1035 - Web application message: [UlApiManager component] Connecting to SSO
2023-06-09 12:22:30,636 [INFO] WebAppUi:1035 - Web application message: [UlApiManager component] Connected to Ultra Librarian SSO
2023-06-09 12:22:30,640 [INFO] WebAppUi:1035 - Web application message: [UlApiManager component] Connected to Ultra Librarian API
2023-06-09 12:22:31,060 [INFO] WebAppUi:1035 - Web application message: [UlApiManager component] Connected to Ultra Librarian SSO
2023-06-09 12:22:31,061 [INFO] WebAppUi:1035 - Web application message: [UlApiManager component] Connected to Ultra Librarian API
2023-06-09 12:22:31,949 [INFO] WebAppUi:1035 - Web application message: CAD resources feature launch attempt
2023-06-09 12:22:37,122 [INFO] MultiScanPanel:200 - Auto-refresh data requested => check proxy status ongoing
2023-06-09 12:22:37,163 [INFO] LoadUrlFilesThread:185 - End of LoadServerUrlFiles without Thread
2023-06-09 12:22:37,163 [INFO] DetailPanel:341 - Set advertising image to C:/Users/HP/STM32Cube/Repository/\en.prom-stm32h5-mcu-finder.jpg
2023-06-09 12:22:52,745 [INFO] WebAppUi:1035 - Web application message: TypeError: Cannot read properties of null (reading 'map')
2023-06-09 12:22:52,920 [INFO] WebAppUi:1035 - Web application message: error when send data to App component
2023-06-09 12:27:38,139 [INFO] McuFinderGlobals:66 - Set McuFinderConnectedMode to true
2023-06-09 12:27:38,140 [INFO] ApiDb:448 - Save user favorites file C:\Users\HP/.stm32cubeide/favorites.mcus.txt: 0 item(s)
2023-06-09 12:27:38,140 [INFO] ApiDb:452 - User favorites MCUs=[]
2023-06-09 12:27:38,144 [INFO] ApiDb:448 - Save user favorites file C:\Users\HP/.stm32cubeide/favorites.boards.txt: 0 item(s)
2023-06-09 12:27:38,144 [INFO] ApiDb:452 - User favorites Boards=[]
2023-06-09 16:03:03,412 [INFO] WebAppUi:430 - JxBrowser engine has been closed 
2023-06-09 16:03:03,413 [INFO] WebAppUi:467 - Close the Jxbrowser engine manually
2023-06-09 16:03:04,956 [ERROR] LogOutputStream:75 - [STDERR_REDIRECT] 
